2015-10-04 15:27:25 INFO  ContextLoader:285 - Root WebApplicationContext: initialization started
2015-10-04 15:27:25 DEBUG StandardServletEnvironment:127 - Initializing new StandardServletEnvironment
2015-10-04 15:27:25 DEBUG StandardServletEnvironment:110 - Adding [servletConfigInitParams] PropertySource with lowest search precedence
2015-10-04 15:27:25 DEBUG StandardServletEnvironment:110 - Adding [servletContextInitParams] PropertySource with lowest search precedence
2015-10-04 15:27:25 DEBUG StandardServletEnvironment:110 - Adding [jndiProperties] PropertySource with lowest search precedence
2015-10-04 15:27:25 DEBUG StandardServletEnvironment:110 - Adding [systemProperties] PropertySource with lowest search precedence
2015-10-04 15:27:25 DEBUG StandardServletEnvironment:110 - Adding [systemEnvironment] PropertySource with lowest search precedence
2015-10-04 15:27:25 DEBUG StandardServletEnvironment:131 - Initialized StandardServletEnvironment with PropertySources [servletConfigInitParams,servletContextInitParams,jndiProperties,systemProperties,systemEnvironment]
2015-10-04 15:27:25 DEBUG StandardServletEnvironment:175 - Replacing [servletContextInitParams] PropertySource with [servletContextInitParams]
2015-10-04 15:27:25 INFO  XmlWebApplicationContext:513 - Refreshing Root WebApplicationContext: startup date [Sun Oct 04 15:27:25 MSK 2015]; root of context hierarchy
2015-10-04 15:27:25 DEBUG StandardEnvironment:127 - Initializing new StandardEnvironment
2015-10-04 15:27:25 DEBUG StandardEnvironment:110 - Adding [systemProperties] PropertySource with lowest search precedence
2015-10-04 15:27:25 DEBUG StandardEnvironment:110 - Adding [systemEnvironment] PropertySource with lowest search precedence
2015-10-04 15:27:25 DEBUG StandardEnvironment:131 - Initialized StandardEnvironment with PropertySources [systemProperties,systemEnvironment]
2015-10-04 15:27:25 INFO  XmlBeanDefinitionReader:316 - Loading XML bean definitions from ServletContext resource [/WEB-INF/dispatcher-servlet.xml]
2015-10-04 15:27:25 DEBUG DefaultDocumentLoader:73 - Using JAXP provider [com.sun.org.apache.xerces.internal.jaxp.DocumentBuilderFactoryImpl]
2015-10-04 15:27:25 DEBUG PluggableSchemaResolver:141 - Loading schema mappings from [META-INF/spring.schemas]
2015-10-04 15:27:25 DEBUG PluggableSchemaResolver:147 - Loaded schema mappings: {http://www.springframework.org/schema/jee/spring-jee-3.2.xsd=org/springframework/ejb/config/spring-jee-3.2.xsd, http://www.springframework.org/schema/util/spring-util.xsd=org/springframework/beans/factory/xml/spring-util-4.0.xsd, http://www.springframework.org/schema/mvc/spring-mvc-3.1.xsd=org/springframework/web/servlet/config/spring-mvc-3.1.xsd, http://www.springframework.org/schema/task/spring-task.xsd=org/springframework/scheduling/config/spring-task-4.0.xsd, http://www.springframework.org/schema/beans/spring-beans-3.1.xsd=org/springframework/beans/factory/xml/spring-beans-3.1.xsd, http://www.springframework.org/schema/cache/spring-cache.xsd=org/springframework/cache/config/spring-cache-4.0.xsd, http://www.springframework.org/schema/aop/spring-aop-3.0.xsd=org/springframework/aop/config/spring-aop-3.0.xsd, http://www.springframework.org/schema/task/spring-task-3.1.xsd=org/springframework/scheduling/config/spring-task-3.1.xsd, http://www.springframework.org/schema/aop/spring-aop-2.0.xsd=org/springframework/aop/config/spring-aop-2.0.xsd, http://www.springframework.org/schema/aop/spring-aop-4.0.xsd=org/springframework/aop/config/spring-aop-4.0.xsd, http://www.springframework.org/schema/tool/spring-tool-2.5.xsd=org/springframework/beans/factory/xml/spring-tool-2.5.xsd, http://www.springframework.org/schema/beans/spring-beans.xsd=org/springframework/beans/factory/xml/spring-beans-4.0.xsd, http://www.springframework.org/schema/jee/spring-jee-2.5.xsd=org/springframework/ejb/config/spring-jee-2.5.xsd, http://www.springframework.org/schema/tool/spring-tool-3.1.xsd=org/springframework/beans/factory/xml/spring-tool-3.1.xsd, http://www.springframework.org/schema/jee/spring-jee-3.1.xsd=org/springframework/ejb/config/spring-jee-3.1.xsd, http://www.springframework.org/schema/aop/spring-aop.xsd=org/springframework/aop/config/spring-aop-4.0.xsd, http://www.springframework.org/schema/context/spring-context-3.2.xsd=org/springframework/context/config/spring-context-3.2.xsd, http://www.springframework.org/schema/beans/spring-beans-2.0.xsd=org/springframework/beans/factory/xml/spring-beans-2.0.xsd, http://www.springframework.org/schema/util/spring-util-3.2.xsd=org/springframework/beans/factory/xml/spring-util-3.2.xsd, http://www.springframework.org/schema/mvc/spring-mvc-3.0.xsd=org/springframework/web/servlet/config/spring-mvc-3.0.xsd, http://www.springframework.org/schema/lang/spring-lang-3.2.xsd=org/springframework/scripting/config/spring-lang-3.2.xsd, http://www.springframework.org/schema/beans/spring-beans-4.0.xsd=org/springframework/beans/factory/xml/spring-beans-4.0.xsd, http://www.springframework.org/schema/beans/spring-beans-3.0.xsd=org/springframework/beans/factory/xml/spring-beans-3.0.xsd, http://www.springframework.org/schema/mvc/spring-mvc-4.0.xsd=org/springframework/web/servlet/config/spring-mvc-4.0.xsd, http://www.springframework.org/schema/cache/spring-cache-3.2.xsd=org/springframework/cache/config/spring-cache-3.2.xsd, http://www.springframework.org/schema/task/spring-task-3.0.xsd=org/springframework/scheduling/config/spring-task-3.0.xsd, http://www.springframework.org/schema/task/spring-task-4.0.xsd=org/springframework/scheduling/config/spring-task-4.0.xsd, http://www.springframework.org/schema/context/spring-context-2.5.xsd=org/springframework/context/config/spring-context-2.5.xsd, http://www.springframework.org/schema/tool/spring-tool-3.0.xsd=org/springframework/beans/factory/xml/spring-tool-3.0.xsd, http://www.springframework.org/schema/lang/spring-lang.xsd=org/springframework/scripting/config/spring-lang-4.0.xsd, http://www.springframework.org/schema/tool/spring-tool-2.0.xsd=org/springframework/beans/factory/xml/spring-tool-2.0.xsd, http://www.springframework.org/schema/util/spring-util-2.5.xsd=org/springframework/beans/factory/xml/spring-util-2.5.xsd, http://www.springframework.org/schema/lang/spring-lang-2.5.xsd=org/springframework/scripting/config/spring-lang-2.5.xsd, http://www.springframework.org/schema/tool/spring-tool-4.0.xsd=org/springframework/beans/factory/xml/spring-tool-4.0.xsd, http://www.springframework.org/schema/aop/spring-aop-3.2.xsd=org/springframework/aop/config/spring-aop-3.2.xsd, http://www.springframework.org/schema/jee/spring-jee-3.0.xsd=org/springframework/ejb/config/spring-jee-3.0.xsd, http://www.springframework.org/schema/jee/spring-jee-2.0.xsd=org/springframework/ejb/config/spring-jee-2.0.xsd, http://www.springframework.org/schema/context/spring-context-3.1.xsd=org/springframework/context/config/spring-context-3.1.xsd, http://www.springframework.org/schema/jee/spring-jee-4.0.xsd=org/springframework/ejb/config/spring-jee-4.0.xsd, http://www.springframework.org/schema/util/spring-util-3.1.xsd=org/springframework/beans/factory/xml/spring-util-3.1.xsd, http://www.springframework.org/schema/lang/spring-lang-3.1.xsd=org/springframework/scripting/config/spring-lang-3.1.xsd, http://www.springframework.org/schema/cache/spring-cache-3.1.xsd=org/springframework/cache/config/spring-cache-3.1.xsd, http://www.springframework.org/schema/context/spring-context.xsd=org/springframework/context/config/spring-context-4.0.xsd, http://www.springframework.org/schema/jee/spring-jee.xsd=org/springframework/ejb/config/spring-jee-4.0.xsd, http://www.springframework.org/schema/aop/spring-aop-2.5.xsd=org/springframework/aop/config/spring-aop-2.5.xsd, http://www.springframework.org/schema/mvc/spring-mvc.xsd=org/springframework/web/servlet/config/spring-mvc-4.0.xsd, http://www.springframework.org/schema/mvc/spring-mvc-3.2.xsd=org/springframework/web/servlet/config/spring-mvc-3.2.xsd, http://www.springframework.org/schema/beans/spring-beans-3.2.xsd=org/springframework/beans/factory/xml/spring-beans-3.2.xsd, http://www.springframework.org/schema/aop/spring-aop-3.1.xsd=org/springframework/aop/config/spring-aop-3.1.xsd, http://www.springframework.org/schema/task/spring-task-3.2.xsd=org/springframework/scheduling/config/spring-task-3.2.xsd, http://www.springframework.org/schema/context/spring-context-4.0.xsd=org/springframework/context/config/spring-context-4.0.xsd, http://www.springframework.org/schema/context/spring-context-3.0.xsd=org/springframework/context/config/spring-context-3.0.xsd, http://www.springframework.org/schema/tool/spring-tool.xsd=org/springframework/beans/factory/xml/spring-tool-4.0.xsd, http://www.springframework.org/schema/util/spring-util-3.0.xsd=org/springframework/beans/factory/xml/spring-util-3.0.xsd, http://www.springframework.org/schema/lang/spring-lang-3.0.xsd=org/springframework/scripting/config/spring-lang-3.0.xsd, http://www.springframework.org/schema/util/spring-util-2.0.xsd=org/springframework/beans/factory/xml/spring-util-2.0.xsd, http://www.springframework.org/schema/cache/spring-cache-4.0.xsd=org/springframework/cache/config/spring-cache-4.0.xsd, http://www.springframework.org/schema/lang/spring-lang-2.0.xsd=org/springframework/scripting/config/spring-lang-2.0.xsd, http://www.springframework.org/schema/util/spring-util-4.0.xsd=org/springframework/beans/factory/xml/spring-util-4.0.xsd, http://www.springframework.org/schema/lang/spring-lang-4.0.xsd=org/springframework/scripting/config/spring-lang-4.0.xsd, http://www.springframework.org/schema/tool/spring-tool-3.2.xsd=org/springframework/beans/factory/xml/spring-tool-3.2.xsd, http://www.springframework.org/schema/beans/spring-beans-2.5.xsd=org/springframework/beans/factory/xml/spring-beans-2.5.xsd}
2015-10-04 15:27:25 DEBUG PluggableSchemaResolver:119 - Found XML schema [http://www.springframework.org/schema/beans/spring-beans-3.0.xsd] in classpath: org/springframework/beans/factory/xml/spring-beans-3.0.xsd
2015-10-04 15:27:26 DEBUG PluggableSchemaResolver:119 - Found XML schema [http://www.springframework.org/schema/context/spring-context-3.0.xsd] in classpath: org/springframework/context/config/spring-context-3.0.xsd
2015-10-04 15:27:26 DEBUG PluggableSchemaResolver:119 - Found XML schema [http://www.springframework.org/schema/tool/spring-tool-3.0.xsd] in classpath: org/springframework/beans/factory/xml/spring-tool-3.0.xsd
2015-10-04 15:27:26 DEBUG DefaultBeanDefinitionDocumentReader:108 - Loading bean definitions
2015-10-04 15:27:26 DEBUG DefaultNamespaceHandlerResolver:157 - Loaded NamespaceHandler mappings: {http://www.springframework.org/schema/p=org.springframework.beans.factory.xml.SimplePropertyNamespaceHandler, http://www.springframework.org/schema/mvc=org.springframework.web.servlet.config.MvcNamespaceHandler, http://www.springframework.org/schema/util=org.springframework.beans.factory.xml.UtilNamespaceHandler, http://www.springframework.org/schema/jee=org.springframework.ejb.config.JeeNamespaceHandler, http://www.springframework.org/schema/aop=org.springframework.aop.config.AopNamespaceHandler, http://www.springframework.org/schema/cache=org.springframework.cache.config.CacheNamespaceHandler, http://www.springframework.org/schema/c=org.springframework.beans.factory.xml.SimpleConstructorNamespaceHandler, http://www.springframework.org/schema/task=org.springframework.scheduling.config.TaskNamespaceHandler, http://www.springframework.org/schema/lang=org.springframework.scripting.config.LangNamespaceHandler, http://www.springframework.org/schema/context=org.springframework.context.config.ContextNamespaceHandler}
2015-10-04 15:27:26 DEBUG StandardEnvironment:127 - Initializing new StandardEnvironment
2015-10-04 15:27:26 DEBUG StandardEnvironment:110 - Adding [systemProperties] PropertySource with lowest search precedence
2015-10-04 15:27:26 DEBUG StandardEnvironment:110 - Adding [systemEnvironment] PropertySource with lowest search precedence
2015-10-04 15:27:26 DEBUG StandardEnvironment:131 - Initialized StandardEnvironment with PropertySources [systemProperties,systemEnvironment]
2015-10-04 15:27:26 DEBUG ClassPathBeanDefinitionScanner:242 - JSR-250 'javax.annotation.ManagedBean' found and supported for component scanning
2015-10-04 15:27:26 DEBUG PathMatchingResourcePatternResolver:553 - Looking for matching resources in directory tree [/home/amikryukov/Macys/Pet/news-exchange-rate/solr-controller/target/classes/com/gd/amik]
2015-10-04 15:27:26 DEBUG PathMatchingResourcePatternResolver:615 - Searching directory [/home/amikryukov/Macys/Pet/news-exchange-rate/solr-controller/target/classes/com/gd/amik] for files matching pattern [/home/amikryukov/Macys/Pet/news-exchange-rate/solr-controller/target/classes/com/gd/amik/**/*.class]
2015-10-04 15:27:26 DEBUG PathMatchingResourcePatternResolver:354 - Resolved location pattern [classpath*:com/gd/amik/**/*.class] to resources [file [/home/amikryukov/Macys/Pet/news-exchange-rate/solr-controller/target/classes/com/gd/amik/TestController.class]]
2015-10-04 15:27:26 DEBUG ClassPathBeanDefinitionScanner:284 - Identified candidate component class: file [/home/amikryukov/Macys/Pet/news-exchange-rate/solr-controller/target/classes/com/gd/amik/TestController.class]
2015-10-04 15:27:26 DEBUG BeanDefinitionParserDelegate:495 - Neither XML 'id' nor 'name' specified - using generated bean name [org.springframework.web.servlet.view.InternalResourceViewResolver#0]
2015-10-04 15:27:26 DEBUG XmlBeanDefinitionReader:223 - Loaded 6 bean definitions from location pattern [/WEB-INF/dispatcher-servlet.xml]
2015-10-04 15:27:26 DEBUG XmlWebApplicationContext:543 - Bean factory for Root WebApplicationContext: org.springframework.beans.factory.support.DefaultListableBeanFactory@e661744: defining beans [testController,org.springframework.context.annotation.internalConfigurationAnnotationProcessor,org.springframework.context.annotation.internalAutowiredAnnotationProcessor,org.springframework.context.annotation.internalRequiredAnnotationProcessor,org.springframework.context.annotation.internalCommonAnnotationProcessor,org.springframework.web.servlet.view.InternalResourceViewResolver#0]; root of factory hierarchy
2015-10-04 15:27:26 DEBUG DefaultListableBeanFactory:220 - Creating shared instance of singleton bean 'org.springframework.context.annotation.internalConfigurationAnnotationProcessor'
2015-10-04 15:27:26 DEBUG DefaultListableBeanFactory:449 - Creating instance of bean 'org.springframework.context.annotation.internalConfigurationAnnotationProcessor'
2015-10-04 15:27:26 DEBUG DefaultListableBeanFactory:523 - Eagerly caching bean 'org.springframework.context.annotation.internalConfigurationAnnotationProcessor' to allow for resolving potential circular references
2015-10-04 15:27:26 DEBUG DefaultListableBeanFactory:477 - Finished creating instance of bean 'org.springframework.context.annotation.internalConfigurationAnnotationProcessor'
2015-10-04 15:27:26 DEBUG DefaultListableBeanFactory:220 - Creating shared instance of singleton bean 'org.springframework.context.annotation.internalAutowiredAnnotationProcessor'
2015-10-04 15:27:26 DEBUG DefaultListableBeanFactory:449 - Creating instance of bean 'org.springframework.context.annotation.internalAutowiredAnnotationProcessor'
2015-10-04 15:27:26 DEBUG DefaultListableBeanFactory:523 - Eagerly caching bean 'org.springframework.context.annotation.internalAutowiredAnnotationProcessor' to allow for resolving potential circular references
2015-10-04 15:27:26 DEBUG DefaultListableBeanFactory:477 - Finished creating instance of bean 'org.springframework.context.annotation.internalAutowiredAnnotationProcessor'
2015-10-04 15:27:26 DEBUG DefaultListableBeanFactory:220 - Creating shared instance of singleton bean 'org.springframework.context.annotation.internalRequiredAnnotationProcessor'
2015-10-04 15:27:26 DEBUG DefaultListableBeanFactory:449 - Creating instance of bean 'org.springframework.context.annotation.internalRequiredAnnotationProcessor'
2015-10-04 15:27:26 DEBUG DefaultListableBeanFactory:523 - Eagerly caching bean 'org.springframework.context.annotation.internalRequiredAnnotationProcessor' to allow for resolving potential circular references
2015-10-04 15:27:26 DEBUG DefaultListableBeanFactory:477 - Finished creating instance of bean 'org.springframework.context.annotation.internalRequiredAnnotationProcessor'
2015-10-04 15:27:26 DEBUG DefaultListableBeanFactory:220 - Creating shared instance of singleton bean 'org.springframework.context.annotation.internalCommonAnnotationProcessor'
2015-10-04 15:27:26 DEBUG DefaultListableBeanFactory:449 - Creating instance of bean 'org.springframework.context.annotation.internalCommonAnnotationProcessor'
2015-10-04 15:27:26 DEBUG DefaultListableBeanFactory:523 - Eagerly caching bean 'org.springframework.context.annotation.internalCommonAnnotationProcessor' to allow for resolving potential circular references
2015-10-04 15:27:26 DEBUG DefaultListableBeanFactory:477 - Finished creating instance of bean 'org.springframework.context.annotation.internalCommonAnnotationProcessor'
2015-10-04 15:27:26 DEBUG DefaultListableBeanFactory:220 - Creating shared instance of singleton bean 'org.springframework.context.annotation.ConfigurationClassPostProcessor.importAwareProcessor'
2015-10-04 15:27:26 DEBUG DefaultListableBeanFactory:449 - Creating instance of bean 'org.springframework.context.annotation.ConfigurationClassPostProcessor.importAwareProcessor'
2015-10-04 15:27:26 DEBUG DefaultListableBeanFactory:523 - Eagerly caching bean 'org.springframework.context.annotation.ConfigurationClassPostProcessor.importAwareProcessor' to allow for resolving potential circular references
2015-10-04 15:27:26 DEBUG DefaultListableBeanFactory:477 - Finished creating instance of bean 'org.springframework.context.annotation.ConfigurationClassPostProcessor.importAwareProcessor'
2015-10-04 15:27:26 DEBUG DefaultListableBeanFactory:220 - Creating shared instance of singleton bean 'org.springframework.context.annotation.ConfigurationClassPostProcessor.enhancedConfigurationProcessor'
2015-10-04 15:27:26 DEBUG DefaultListableBeanFactory:449 - Creating instance of bean 'org.springframework.context.annotation.ConfigurationClassPostProcessor.enhancedConfigurationProcessor'
2015-10-04 15:27:26 DEBUG DefaultListableBeanFactory:523 - Eagerly caching bean 'org.springframework.context.annotation.ConfigurationClassPostProcessor.enhancedConfigurationProcessor' to allow for resolving potential circular references
2015-10-04 15:27:26 DEBUG DefaultListableBeanFactory:477 - Finished creating instance of bean 'org.springframework.context.annotation.ConfigurationClassPostProcessor.enhancedConfigurationProcessor'
2015-10-04 15:27:26 DEBUG XmlWebApplicationContext:649 - Unable to locate MessageSource with name 'messageSource': using default [org.springframework.context.support.DelegatingMessageSource@22479390]
2015-10-04 15:27:26 DEBUG XmlWebApplicationContext:673 - Unable to locate ApplicationEventMulticaster with name 'applicationEventMulticaster': using default [org.springframework.context.event.SimpleApplicationEventMulticaster@4d8493de]
2015-10-04 15:27:26 DEBUG UiApplicationContextUtils:85 - Unable to locate ThemeSource with name 'themeSource': using default [org.springframework.ui.context.support.ResourceBundleThemeSource@666da498]
2015-10-04 15:27:26 DEBUG DefaultListableBeanFactory:669 - Pre-instantiating singletons in org.springframework.beans.factory.support.DefaultListableBeanFactory@e661744: defining beans [testController,org.springframework.context.annotation.internalConfigurationAnnotationProcessor,org.springframework.context.annotation.internalAutowiredAnnotationProcessor,org.springframework.context.annotation.internalRequiredAnnotationProcessor,org.springframework.context.annotation.internalCommonAnnotationProcessor,org.springframework.web.servlet.view.InternalResourceViewResolver#0,org.springframework.context.annotation.ConfigurationClassPostProcessor.importAwareProcessor,org.springframework.context.annotation.ConfigurationClassPostProcessor.enhancedConfigurationProcessor]; root of factory hierarchy
2015-10-04 15:27:26 DEBUG DefaultListableBeanFactory:220 - Creating shared instance of singleton bean 'testController'
2015-10-04 15:27:26 DEBUG DefaultListableBeanFactory:449 - Creating instance of bean 'testController'
2015-10-04 15:27:26 DEBUG DefaultListableBeanFactory:523 - Eagerly caching bean 'testController' to allow for resolving potential circular references
2015-10-04 15:27:26 DEBUG DefaultListableBeanFactory:477 - Finished creating instance of bean 'testController'
2015-10-04 15:27:26 DEBUG DefaultListableBeanFactory:249 - Returning cached instance of singleton bean 'org.springframework.context.annotation.internalConfigurationAnnotationProcessor'
2015-10-04 15:27:26 DEBUG DefaultListableBeanFactory:249 - Returning cached instance of singleton bean 'org.springframework.context.annotation.internalAutowiredAnnotationProcessor'
2015-10-04 15:27:26 DEBUG DefaultListableBeanFactory:249 - Returning cached instance of singleton bean 'org.springframework.context.annotation.internalRequiredAnnotationProcessor'
2015-10-04 15:27:26 DEBUG DefaultListableBeanFactory:249 - Returning cached instance of singleton bean 'org.springframework.context.annotation.internalCommonAnnotationProcessor'
2015-10-04 15:27:26 DEBUG DefaultListableBeanFactory:220 - Creating shared instance of singleton bean 'org.springframework.web.servlet.view.InternalResourceViewResolver#0'
2015-10-04 15:27:26 DEBUG DefaultListableBeanFactory:449 - Creating instance of bean 'org.springframework.web.servlet.view.InternalResourceViewResolver#0'
2015-10-04 15:27:26 DEBUG DefaultListableBeanFactory:523 - Eagerly caching bean 'org.springframework.web.servlet.view.InternalResourceViewResolver#0' to allow for resolving potential circular references
2015-10-04 15:27:26 DEBUG DefaultListableBeanFactory:477 - Finished creating instance of bean 'org.springframework.web.servlet.view.InternalResourceViewResolver#0'
2015-10-04 15:27:26 DEBUG DefaultListableBeanFactory:249 - Returning cached instance of singleton bean 'org.springframework.context.annotation.ConfigurationClassPostProcessor.importAwareProcessor'
2015-10-04 15:27:26 DEBUG DefaultListableBeanFactory:249 - Returning cached instance of singleton bean 'org.springframework.context.annotation.ConfigurationClassPostProcessor.enhancedConfigurationProcessor'
2015-10-04 15:27:26 DEBUG XmlWebApplicationContext:700 - Unable to locate LifecycleProcessor with name 'lifecycleProcessor': using default [org.springframework.context.support.DefaultLifecycleProcessor@5b69c34e]
2015-10-04 15:27:26 DEBUG DefaultListableBeanFactory:249 - Returning cached instance of singleton bean 'lifecycleProcessor'
2015-10-04 15:27:26 DEBUG PropertySourcesPropertyResolver:81 - Searching for key 'spring.liveBeansView.mbeanDomain' in [servletConfigInitParams]
2015-10-04 15:27:26 DEBUG PropertySourcesPropertyResolver:81 - Searching for key 'spring.liveBeansView.mbeanDomain' in [servletContextInitParams]
2015-10-04 15:27:26 DEBUG PropertySourcesPropertyResolver:81 - Searching for key 'spring.liveBeansView.mbeanDomain' in [jndiProperties]
2015-10-04 15:27:26 DEBUG JndiTemplate:150 - Looking up JNDI object with name [java:comp/env/spring.liveBeansView.mbeanDomain]
2015-10-04 15:27:26 DEBUG JndiLocatorDelegate:101 - Converted JNDI name [java:comp/env/spring.liveBeansView.mbeanDomain] not found - trying original name [spring.liveBeansView.mbeanDomain]. javax.naming.NameNotFoundException; remaining name 'spring.liveBeansView.mbeanDomain'
2015-10-04 15:27:26 DEBUG JndiTemplate:150 - Looking up JNDI object with name [spring.liveBeansView.mbeanDomain]
2015-10-04 15:27:26 DEBUG JndiPropertySource:87 - JNDI lookup for name [spring.liveBeansView.mbeanDomain] threw NamingException with message: null. Returning null.
2015-10-04 15:27:26 DEBUG PropertySourcesPropertyResolver:81 - Searching for key 'spring.liveBeansView.mbeanDomain' in [systemProperties]
2015-10-04 15:27:26 DEBUG PropertySourcesPropertyResolver:81 - Searching for key 'spring.liveBeansView.mbeanDomain' in [systemEnvironment]
2015-10-04 15:27:26 DEBUG PropertySourcesPropertyResolver:103 - Could not find key 'spring.liveBeansView.mbeanDomain' in any property source. Returning [null]
2015-10-04 15:27:26 DEBUG ContextLoader:320 - Published root WebApplicationContext as ServletContext attribute with name [org.springframework.web.context.WebApplicationContext.ROOT]
2015-10-04 15:27:26 INFO  ContextLoader:325 - Root WebApplicationContext: initialization completed in 488 ms
2015-10-04 15:27:26 DEBUG DispatcherServlet:118 - Initializing servlet 'dispatcher'
2015-10-04 15:27:26 DEBUG StandardServletEnvironment:127 - Initializing new StandardServletEnvironment
2015-10-04 15:27:26 DEBUG StandardServletEnvironment:110 - Adding [servletConfigInitParams] PropertySource with lowest search precedence
2015-10-04 15:27:26 DEBUG StandardServletEnvironment:110 - Adding [servletContextInitParams] PropertySource with lowest search precedence
2015-10-04 15:27:26 DEBUG StandardServletEnvironment:110 - Adding [jndiProperties] PropertySource with lowest search precedence
2015-10-04 15:27:26 DEBUG StandardServletEnvironment:110 - Adding [systemProperties] PropertySource with lowest search precedence
2015-10-04 15:27:26 DEBUG StandardServletEnvironment:110 - Adding [systemEnvironment] PropertySource with lowest search precedence
2015-10-04 15:27:26 DEBUG StandardServletEnvironment:131 - Initialized StandardServletEnvironment with PropertySources [servletConfigInitParams,servletContextInitParams,jndiProperties,systemProperties,systemEnvironment]
2015-10-04 15:27:26 INFO  DispatcherServlet:479 - FrameworkServlet 'dispatcher': initialization started
2015-10-04 15:27:26 DEBUG DispatcherServlet:607 - Servlet with name 'dispatcher' will try to create custom WebApplicationContext context of class 'org.springframework.web.context.support.XmlWebApplicationContext', using parent context [Root WebApplicationContext: startup date [Sun Oct 04 15:27:25 MSK 2015]; root of context hierarchy]
2015-10-04 15:27:26 DEBUG PropertySourcesPropertyResolver:81 - Searching for key 'spring.profiles.active' in [servletConfigInitParams]
2015-10-04 15:27:26 DEBUG PropertySourcesPropertyResolver:81 - Searching for key 'spring.profiles.active' in [servletContextInitParams]
2015-10-04 15:27:26 DEBUG PropertySourcesPropertyResolver:81 - Searching for key 'spring.profiles.active' in [jndiProperties]
2015-10-04 15:27:26 DEBUG JndiTemplate:150 - Looking up JNDI object with name [java:comp/env/spring.profiles.active]
2015-10-04 15:27:26 DEBUG JndiLocatorDelegate:101 - Converted JNDI name [java:comp/env/spring.profiles.active] not found - trying original name [spring.profiles.active]. javax.naming.NameNotFoundException; remaining name 'spring.profiles.active'
2015-10-04 15:27:26 DEBUG JndiTemplate:150 - Looking up JNDI object with name [spring.profiles.active]
2015-10-04 15:27:26 DEBUG JndiPropertySource:87 - JNDI lookup for name [spring.profiles.active] threw NamingException with message: null. Returning null.
2015-10-04 15:27:26 DEBUG PropertySourcesPropertyResolver:81 - Searching for key 'spring.profiles.active' in [systemProperties]
2015-10-04 15:27:26 DEBUG PropertySourcesPropertyResolver:81 - Searching for key 'spring.profiles.active' in [systemEnvironment]
2015-10-04 15:27:26 DEBUG PropertySourcesPropertyResolver:103 - Could not find key 'spring.profiles.active' in any property source. Returning [null]
2015-10-04 15:27:26 DEBUG PropertySourcesPropertyResolver:81 - Searching for key 'spring.profiles.default' in [servletConfigInitParams]
2015-10-04 15:27:26 DEBUG PropertySourcesPropertyResolver:81 - Searching for key 'spring.profiles.default' in [servletContextInitParams]
2015-10-04 15:27:26 DEBUG PropertySourcesPropertyResolver:81 - Searching for key 'spring.profiles.default' in [jndiProperties]
2015-10-04 15:27:26 DEBUG JndiTemplate:150 - Looking up JNDI object with name [java:comp/env/spring.profiles.default]
2015-10-04 15:27:26 DEBUG JndiLocatorDelegate:101 - Converted JNDI name [java:comp/env/spring.profiles.default] not found - trying original name [spring.profiles.default]. javax.naming.NameNotFoundException; remaining name 'spring.profiles.default'
2015-10-04 15:27:26 DEBUG JndiTemplate:150 - Looking up JNDI object with name [spring.profiles.default]
2015-10-04 15:27:26 DEBUG JndiPropertySource:87 - JNDI lookup for name [spring.profiles.default] threw NamingException with message: null. Returning null.
2015-10-04 15:27:26 DEBUG PropertySourcesPropertyResolver:81 - Searching for key 'spring.profiles.default' in [systemProperties]
2015-10-04 15:27:26 DEBUG PropertySourcesPropertyResolver:81 - Searching for key 'spring.profiles.default' in [systemEnvironment]
2015-10-04 15:27:26 DEBUG PropertySourcesPropertyResolver:103 - Could not find key 'spring.profiles.default' in any property source. Returning [null]
2015-10-04 15:27:26 DEBUG PropertySourcesPropertyResolver:81 - Searching for key 'spring.profiles.default' in [servletConfigInitParams]
2015-10-04 15:27:26 DEBUG PropertySourcesPropertyResolver:81 - Searching for key 'spring.profiles.default' in [servletContextInitParams]
2015-10-04 15:27:26 DEBUG PropertySourcesPropertyResolver:81 - Searching for key 'spring.profiles.default' in [jndiProperties]
2015-10-04 15:27:26 DEBUG JndiTemplate:150 - Looking up JNDI object with name [java:comp/env/spring.profiles.default]
2015-10-04 15:27:26 DEBUG JndiLocatorDelegate:101 - Converted JNDI name [java:comp/env/spring.profiles.default] not found - trying original name [spring.profiles.default]. javax.naming.NameNotFoundException; remaining name 'spring.profiles.default'
2015-10-04 15:27:26 DEBUG JndiTemplate:150 - Looking up JNDI object with name [spring.profiles.default]
2015-10-04 15:27:26 DEBUG JndiPropertySource:87 - JNDI lookup for name [spring.profiles.default] threw NamingException with message: null. Returning null.
2015-10-04 15:27:26 DEBUG PropertySourcesPropertyResolver:81 - Searching for key 'spring.profiles.default' in [systemProperties]
2015-10-04 15:27:26 DEBUG PropertySourcesPropertyResolver:81 - Searching for key 'spring.profiles.default' in [systemEnvironment]
2015-10-04 15:27:26 DEBUG PropertySourcesPropertyResolver:103 - Could not find key 'spring.profiles.default' in any property source. Returning [null]
2015-10-04 15:27:26 DEBUG StandardServletEnvironment:175 - Replacing [servletContextInitParams] PropertySource with [servletContextInitParams]
2015-10-04 15:27:26 DEBUG StandardServletEnvironment:175 - Replacing [servletConfigInitParams] PropertySource with [servletConfigInitParams]
2015-10-04 15:27:26 INFO  XmlWebApplicationContext:513 - Refreshing WebApplicationContext for namespace 'dispatcher-servlet': startup date [Sun Oct 04 15:27:26 MSK 2015]; parent: Root WebApplicationContext
2015-10-04 15:27:26 DEBUG StandardEnvironment:127 - Initializing new StandardEnvironment
2015-10-04 15:27:26 DEBUG StandardEnvironment:110 - Adding [systemProperties] PropertySource with lowest search precedence
2015-10-04 15:27:26 DEBUG StandardEnvironment:110 - Adding [systemEnvironment] PropertySource with lowest search precedence
2015-10-04 15:27:26 DEBUG StandardEnvironment:131 - Initialized StandardEnvironment with PropertySources [systemProperties,systemEnvironment]
2015-10-04 15:27:26 INFO  XmlBeanDefinitionReader:316 - Loading XML bean definitions from ServletContext resource [/WEB-INF/dispatcher-servlet.xml]
2015-10-04 15:27:26 DEBUG DefaultDocumentLoader:73 - Using JAXP provider [com.sun.org.apache.xerces.internal.jaxp.DocumentBuilderFactoryImpl]
2015-10-04 15:27:26 DEBUG PluggableSchemaResolver:141 - Loading schema mappings from [META-INF/spring.schemas]
2015-10-04 15:27:26 DEBUG PluggableSchemaResolver:147 - Loaded schema mappings: {http://www.springframework.org/schema/jee/spring-jee-3.2.xsd=org/springframework/ejb/config/spring-jee-3.2.xsd, http://www.springframework.org/schema/util/spring-util.xsd=org/springframework/beans/factory/xml/spring-util-4.0.xsd, http://www.springframework.org/schema/mvc/spring-mvc-3.1.xsd=org/springframework/web/servlet/config/spring-mvc-3.1.xsd, http://www.springframework.org/schema/task/spring-task.xsd=org/springframework/scheduling/config/spring-task-4.0.xsd, http://www.springframework.org/schema/beans/spring-beans-3.1.xsd=org/springframework/beans/factory/xml/spring-beans-3.1.xsd, http://www.springframework.org/schema/cache/spring-cache.xsd=org/springframework/cache/config/spring-cache-4.0.xsd, http://www.springframework.org/schema/aop/spring-aop-3.0.xsd=org/springframework/aop/config/spring-aop-3.0.xsd, http://www.springframework.org/schema/task/spring-task-3.1.xsd=org/springframework/scheduling/config/spring-task-3.1.xsd, http://www.springframework.org/schema/aop/spring-aop-2.0.xsd=org/springframework/aop/config/spring-aop-2.0.xsd, http://www.springframework.org/schema/aop/spring-aop-4.0.xsd=org/springframework/aop/config/spring-aop-4.0.xsd, http://www.springframework.org/schema/tool/spring-tool-2.5.xsd=org/springframework/beans/factory/xml/spring-tool-2.5.xsd, http://www.springframework.org/schema/beans/spring-beans.xsd=org/springframework/beans/factory/xml/spring-beans-4.0.xsd, http://www.springframework.org/schema/jee/spring-jee-2.5.xsd=org/springframework/ejb/config/spring-jee-2.5.xsd, http://www.springframework.org/schema/tool/spring-tool-3.1.xsd=org/springframework/beans/factory/xml/spring-tool-3.1.xsd, http://www.springframework.org/schema/jee/spring-jee-3.1.xsd=org/springframework/ejb/config/spring-jee-3.1.xsd, http://www.springframework.org/schema/aop/spring-aop.xsd=org/springframework/aop/config/spring-aop-4.0.xsd, http://www.springframework.org/schema/context/spring-context-3.2.xsd=org/springframework/context/config/spring-context-3.2.xsd, http://www.springframework.org/schema/beans/spring-beans-2.0.xsd=org/springframework/beans/factory/xml/spring-beans-2.0.xsd, http://www.springframework.org/schema/util/spring-util-3.2.xsd=org/springframework/beans/factory/xml/spring-util-3.2.xsd, http://www.springframework.org/schema/mvc/spring-mvc-3.0.xsd=org/springframework/web/servlet/config/spring-mvc-3.0.xsd, http://www.springframework.org/schema/lang/spring-lang-3.2.xsd=org/springframework/scripting/config/spring-lang-3.2.xsd, http://www.springframework.org/schema/beans/spring-beans-4.0.xsd=org/springframework/beans/factory/xml/spring-beans-4.0.xsd, http://www.springframework.org/schema/beans/spring-beans-3.0.xsd=org/springframework/beans/factory/xml/spring-beans-3.0.xsd, http://www.springframework.org/schema/mvc/spring-mvc-4.0.xsd=org/springframework/web/servlet/config/spring-mvc-4.0.xsd, http://www.springframework.org/schema/cache/spring-cache-3.2.xsd=org/springframework/cache/config/spring-cache-3.2.xsd, http://www.springframework.org/schema/task/spring-task-3.0.xsd=org/springframework/scheduling/config/spring-task-3.0.xsd, http://www.springframework.org/schema/task/spring-task-4.0.xsd=org/springframework/scheduling/config/spring-task-4.0.xsd, http://www.springframework.org/schema/context/spring-context-2.5.xsd=org/springframework/context/config/spring-context-2.5.xsd, http://www.springframework.org/schema/tool/spring-tool-3.0.xsd=org/springframework/beans/factory/xml/spring-tool-3.0.xsd, http://www.springframework.org/schema/lang/spring-lang.xsd=org/springframework/scripting/config/spring-lang-4.0.xsd, http://www.springframework.org/schema/tool/spring-tool-2.0.xsd=org/springframework/beans/factory/xml/spring-tool-2.0.xsd, http://www.springframework.org/schema/util/spring-util-2.5.xsd=org/springframework/beans/factory/xml/spring-util-2.5.xsd, http://www.springframework.org/schema/lang/spring-lang-2.5.xsd=org/springframework/scripting/config/spring-lang-2.5.xsd, http://www.springframework.org/schema/tool/spring-tool-4.0.xsd=org/springframework/beans/factory/xml/spring-tool-4.0.xsd, http://www.springframework.org/schema/aop/spring-aop-3.2.xsd=org/springframework/aop/config/spring-aop-3.2.xsd, http://www.springframework.org/schema/jee/spring-jee-3.0.xsd=org/springframework/ejb/config/spring-jee-3.0.xsd, http://www.springframework.org/schema/jee/spring-jee-2.0.xsd=org/springframework/ejb/config/spring-jee-2.0.xsd, http://www.springframework.org/schema/context/spring-context-3.1.xsd=org/springframework/context/config/spring-context-3.1.xsd, http://www.springframework.org/schema/jee/spring-jee-4.0.xsd=org/springframework/ejb/config/spring-jee-4.0.xsd, http://www.springframework.org/schema/util/spring-util-3.1.xsd=org/springframework/beans/factory/xml/spring-util-3.1.xsd, http://www.springframework.org/schema/lang/spring-lang-3.1.xsd=org/springframework/scripting/config/spring-lang-3.1.xsd, http://www.springframework.org/schema/cache/spring-cache-3.1.xsd=org/springframework/cache/config/spring-cache-3.1.xsd, http://www.springframework.org/schema/context/spring-context.xsd=org/springframework/context/config/spring-context-4.0.xsd, http://www.springframework.org/schema/jee/spring-jee.xsd=org/springframework/ejb/config/spring-jee-4.0.xsd, http://www.springframework.org/schema/aop/spring-aop-2.5.xsd=org/springframework/aop/config/spring-aop-2.5.xsd, http://www.springframework.org/schema/mvc/spring-mvc.xsd=org/springframework/web/servlet/config/spring-mvc-4.0.xsd, http://www.springframework.org/schema/mvc/spring-mvc-3.2.xsd=org/springframework/web/servlet/config/spring-mvc-3.2.xsd, http://www.springframework.org/schema/beans/spring-beans-3.2.xsd=org/springframework/beans/factory/xml/spring-beans-3.2.xsd, http://www.springframework.org/schema/aop/spring-aop-3.1.xsd=org/springframework/aop/config/spring-aop-3.1.xsd, http://www.springframework.org/schema/task/spring-task-3.2.xsd=org/springframework/scheduling/config/spring-task-3.2.xsd, http://www.springframework.org/schema/context/spring-context-4.0.xsd=org/springframework/context/config/spring-context-4.0.xsd, http://www.springframework.org/schema/context/spring-context-3.0.xsd=org/springframework/context/config/spring-context-3.0.xsd, http://www.springframework.org/schema/tool/spring-tool.xsd=org/springframework/beans/factory/xml/spring-tool-4.0.xsd, http://www.springframework.org/schema/util/spring-util-3.0.xsd=org/springframework/beans/factory/xml/spring-util-3.0.xsd, http://www.springframework.org/schema/lang/spring-lang-3.0.xsd=org/springframework/scripting/config/spring-lang-3.0.xsd, http://www.springframework.org/schema/util/spring-util-2.0.xsd=org/springframework/beans/factory/xml/spring-util-2.0.xsd, http://www.springframework.org/schema/cache/spring-cache-4.0.xsd=org/springframework/cache/config/spring-cache-4.0.xsd, http://www.springframework.org/schema/lang/spring-lang-2.0.xsd=org/springframework/scripting/config/spring-lang-2.0.xsd, http://www.springframework.org/schema/util/spring-util-4.0.xsd=org/springframework/beans/factory/xml/spring-util-4.0.xsd, http://www.springframework.org/schema/lang/spring-lang-4.0.xsd=org/springframework/scripting/config/spring-lang-4.0.xsd, http://www.springframework.org/schema/tool/spring-tool-3.2.xsd=org/springframework/beans/factory/xml/spring-tool-3.2.xsd, http://www.springframework.org/schema/beans/spring-beans-2.5.xsd=org/springframework/beans/factory/xml/spring-beans-2.5.xsd}
2015-10-04 15:27:26 DEBUG PluggableSchemaResolver:119 - Found XML schema [http://www.springframework.org/schema/beans/spring-beans-3.0.xsd] in classpath: org/springframework/beans/factory/xml/spring-beans-3.0.xsd
2015-10-04 15:27:26 DEBUG PluggableSchemaResolver:119 - Found XML schema [http://www.springframework.org/schema/context/spring-context-3.0.xsd] in classpath: org/springframework/context/config/spring-context-3.0.xsd
2015-10-04 15:27:26 DEBUG PluggableSchemaResolver:119 - Found XML schema [http://www.springframework.org/schema/tool/spring-tool-3.0.xsd] in classpath: org/springframework/beans/factory/xml/spring-tool-3.0.xsd
2015-10-04 15:27:26 DEBUG DefaultBeanDefinitionDocumentReader:108 - Loading bean definitions
2015-10-04 15:27:26 DEBUG DefaultNamespaceHandlerResolver:157 - Loaded NamespaceHandler mappings: {http://www.springframework.org/schema/p=org.springframework.beans.factory.xml.SimplePropertyNamespaceHandler, http://www.springframework.org/schema/mvc=org.springframework.web.servlet.config.MvcNamespaceHandler, http://www.springframework.org/schema/util=org.springframework.beans.factory.xml.UtilNamespaceHandler, http://www.springframework.org/schema/jee=org.springframework.ejb.config.JeeNamespaceHandler, http://www.springframework.org/schema/aop=org.springframework.aop.config.AopNamespaceHandler, http://www.springframework.org/schema/cache=org.springframework.cache.config.CacheNamespaceHandler, http://www.springframework.org/schema/c=org.springframework.beans.factory.xml.SimpleConstructorNamespaceHandler, http://www.springframework.org/schema/task=org.springframework.scheduling.config.TaskNamespaceHandler, http://www.springframework.org/schema/lang=org.springframework.scripting.config.LangNamespaceHandler, http://www.springframework.org/schema/context=org.springframework.context.config.ContextNamespaceHandler}
2015-10-04 15:27:26 DEBUG StandardEnvironment:127 - Initializing new StandardEnvironment
2015-10-04 15:27:26 DEBUG StandardEnvironment:110 - Adding [systemProperties] PropertySource with lowest search precedence
2015-10-04 15:27:26 DEBUG StandardEnvironment:110 - Adding [systemEnvironment] PropertySource with lowest search precedence
2015-10-04 15:27:26 DEBUG StandardEnvironment:131 - Initialized StandardEnvironment with PropertySources [systemProperties,systemEnvironment]
2015-10-04 15:27:26 DEBUG ClassPathBeanDefinitionScanner:242 - JSR-250 'javax.annotation.ManagedBean' found and supported for component scanning
2015-10-04 15:27:26 DEBUG PathMatchingResourcePatternResolver:553 - Looking for matching resources in directory tree [/home/amikryukov/Macys/Pet/news-exchange-rate/solr-controller/target/classes/com/gd/amik]
2015-10-04 15:27:26 DEBUG PathMatchingResourcePatternResolver:615 - Searching directory [/home/amikryukov/Macys/Pet/news-exchange-rate/solr-controller/target/classes/com/gd/amik] for files matching pattern [/home/amikryukov/Macys/Pet/news-exchange-rate/solr-controller/target/classes/com/gd/amik/**/*.class]
2015-10-04 15:27:26 DEBUG PathMatchingResourcePatternResolver:354 - Resolved location pattern [classpath*:com/gd/amik/**/*.class] to resources [file [/home/amikryukov/Macys/Pet/news-exchange-rate/solr-controller/target/classes/com/gd/amik/TestController.class]]
2015-10-04 15:27:26 DEBUG ClassPathBeanDefinitionScanner:284 - Identified candidate component class: file [/home/amikryukov/Macys/Pet/news-exchange-rate/solr-controller/target/classes/com/gd/amik/TestController.class]
2015-10-04 15:27:26 DEBUG BeanDefinitionParserDelegate:495 - Neither XML 'id' nor 'name' specified - using generated bean name [org.springframework.web.servlet.view.InternalResourceViewResolver#0]
2015-10-04 15:27:26 DEBUG XmlBeanDefinitionReader:223 - Loaded 6 bean definitions from location pattern [/WEB-INF/dispatcher-servlet.xml]
2015-10-04 15:27:26 DEBUG XmlWebApplicationContext:543 - Bean factory for WebApplicationContext for namespace 'dispatcher-servlet': org.springframework.beans.factory.support.DefaultListableBeanFactory@50e17c3c: defining beans [testController,org.springframework.context.annotation.internalConfigurationAnnotationProcessor,org.springframework.context.annotation.internalAutowiredAnnotationProcessor,org.springframework.context.annotation.internalRequiredAnnotationProcessor,org.springframework.context.annotation.internalCommonAnnotationProcessor,org.springframework.web.servlet.view.InternalResourceViewResolver#0]; parent: org.springframework.beans.factory.support.DefaultListableBeanFactory@e661744
2015-10-04 15:27:26 DEBUG DefaultListableBeanFactory:220 - Creating shared instance of singleton bean 'org.springframework.context.annotation.internalConfigurationAnnotationProcessor'
2015-10-04 15:27:26 DEBUG DefaultListableBeanFactory:449 - Creating instance of bean 'org.springframework.context.annotation.internalConfigurationAnnotationProcessor'
2015-10-04 15:27:26 DEBUG DefaultListableBeanFactory:523 - Eagerly caching bean 'org.springframework.context.annotation.internalConfigurationAnnotationProcessor' to allow for resolving potential circular references
2015-10-04 15:27:26 DEBUG DefaultListableBeanFactory:477 - Finished creating instance of bean 'org.springframework.context.annotation.internalConfigurationAnnotationProcessor'
2015-10-04 15:27:26 DEBUG DefaultListableBeanFactory:220 - Creating shared instance of singleton bean 'org.springframework.context.annotation.internalAutowiredAnnotationProcessor'
2015-10-04 15:27:26 DEBUG DefaultListableBeanFactory:449 - Creating instance of bean 'org.springframework.context.annotation.internalAutowiredAnnotationProcessor'
2015-10-04 15:27:26 DEBUG DefaultListableBeanFactory:523 - Eagerly caching bean 'org.springframework.context.annotation.internalAutowiredAnnotationProcessor' to allow for resolving potential circular references
2015-10-04 15:27:26 DEBUG DefaultListableBeanFactory:477 - Finished creating instance of bean 'org.springframework.context.annotation.internalAutowiredAnnotationProcessor'
2015-10-04 15:27:26 DEBUG DefaultListableBeanFactory:220 - Creating shared instance of singleton bean 'org.springframework.context.annotation.internalRequiredAnnotationProcessor'
2015-10-04 15:27:26 DEBUG DefaultListableBeanFactory:449 - Creating instance of bean 'org.springframework.context.annotation.internalRequiredAnnotationProcessor'
2015-10-04 15:27:26 DEBUG DefaultListableBeanFactory:523 - Eagerly caching bean 'org.springframework.context.annotation.internalRequiredAnnotationProcessor' to allow for resolving potential circular references
2015-10-04 15:27:26 DEBUG DefaultListableBeanFactory:477 - Finished creating instance of bean 'org.springframework.context.annotation.internalRequiredAnnotationProcessor'
2015-10-04 15:27:26 DEBUG DefaultListableBeanFactory:220 - Creating shared instance of singleton bean 'org.springframework.context.annotation.internalCommonAnnotationProcessor'
2015-10-04 15:27:26 DEBUG DefaultListableBeanFactory:449 - Creating instance of bean 'org.springframework.context.annotation.internalCommonAnnotationProcessor'
2015-10-04 15:27:26 DEBUG DefaultListableBeanFactory:523 - Eagerly caching bean 'org.springframework.context.annotation.internalCommonAnnotationProcessor' to allow for resolving potential circular references
2015-10-04 15:27:26 DEBUG DefaultListableBeanFactory:477 - Finished creating instance of bean 'org.springframework.context.annotation.internalCommonAnnotationProcessor'
2015-10-04 15:27:26 DEBUG DefaultListableBeanFactory:220 - Creating shared instance of singleton bean 'org.springframework.context.annotation.ConfigurationClassPostProcessor.importAwareProcessor'
2015-10-04 15:27:26 DEBUG DefaultListableBeanFactory:449 - Creating instance of bean 'org.springframework.context.annotation.ConfigurationClassPostProcessor.importAwareProcessor'
2015-10-04 15:27:26 DEBUG DefaultListableBeanFactory:523 - Eagerly caching bean 'org.springframework.context.annotation.ConfigurationClassPostProcessor.importAwareProcessor' to allow for resolving potential circular references
2015-10-04 15:27:26 DEBUG DefaultListableBeanFactory:477 - Finished creating instance of bean 'org.springframework.context.annotation.ConfigurationClassPostProcessor.importAwareProcessor'
2015-10-04 15:27:26 DEBUG DefaultListableBeanFactory:220 - Creating shared instance of singleton bean 'org.springframework.context.annotation.ConfigurationClassPostProcessor.enhancedConfigurationProcessor'
2015-10-04 15:27:26 DEBUG DefaultListableBeanFactory:449 - Creating instance of bean 'org.springframework.context.annotation.ConfigurationClassPostProcessor.enhancedConfigurationProcessor'
2015-10-04 15:27:26 DEBUG DefaultListableBeanFactory:523 - Eagerly caching bean 'org.springframework.context.annotation.ConfigurationClassPostProcessor.enhancedConfigurationProcessor' to allow for resolving potential circular references
2015-10-04 15:27:26 DEBUG DefaultListableBeanFactory:477 - Finished creating instance of bean 'org.springframework.context.annotation.ConfigurationClassPostProcessor.enhancedConfigurationProcessor'
2015-10-04 15:27:26 DEBUG XmlWebApplicationContext:649 - Unable to locate MessageSource with name 'messageSource': using default [org.springframework.context.support.DelegatingMessageSource@3e657d60]
2015-10-04 15:27:26 DEBUG XmlWebApplicationContext:673 - Unable to locate ApplicationEventMulticaster with name 'applicationEventMulticaster': using default [org.springframework.context.event.SimpleApplicationEventMulticaster@1267e575]
2015-10-04 15:27:26 DEBUG UiApplicationContextUtils:85 - Unable to locate ThemeSource with name 'themeSource': using default [org.springframework.ui.context.support.DelegatingThemeSource@b569bee]
2015-10-04 15:27:26 DEBUG DefaultListableBeanFactory:669 - Pre-instantiating singletons in org.springframework.beans.factory.support.DefaultListableBeanFactory@50e17c3c: defining beans [testController,org.springframework.context.annotation.internalConfigurationAnnotationProcessor,org.springframework.context.annotation.internalAutowiredAnnotationProcessor,org.springframework.context.annotation.internalRequiredAnnotationProcessor,org.springframework.context.annotation.internalCommonAnnotationProcessor,org.springframework.web.servlet.view.InternalResourceViewResolver#0,org.springframework.context.annotation.ConfigurationClassPostProcessor.importAwareProcessor,org.springframework.context.annotation.ConfigurationClassPostProcessor.enhancedConfigurationProcessor]; parent: org.springframework.beans.factory.support.DefaultListableBeanFactory@e661744
2015-10-04 15:27:26 DEBUG DefaultListableBeanFactory:220 - Creating shared instance of singleton bean 'testController'
2015-10-04 15:27:26 DEBUG DefaultListableBeanFactory:449 - Creating instance of bean 'testController'
2015-10-04 15:27:26 DEBUG DefaultListableBeanFactory:523 - Eagerly caching bean 'testController' to allow for resolving potential circular references
2015-10-04 15:27:26 DEBUG DefaultListableBeanFactory:477 - Finished creating instance of bean 'testController'
2015-10-04 15:27:26 DEBUG DefaultListableBeanFactory:249 - Returning cached instance of singleton bean 'org.springframework.context.annotation.internalConfigurationAnnotationProcessor'
2015-10-04 15:27:26 DEBUG DefaultListableBeanFactory:249 - Returning cached instance of singleton bean 'org.springframework.context.annotation.internalAutowiredAnnotationProcessor'
2015-10-04 15:27:26 DEBUG DefaultListableBeanFactory:249 - Returning cached instance of singleton bean 'org.springframework.context.annotation.internalRequiredAnnotationProcessor'
2015-10-04 15:27:26 DEBUG DefaultListableBeanFactory:249 - Returning cached instance of singleton bean 'org.springframework.context.annotation.internalCommonAnnotationProcessor'
2015-10-04 15:27:26 DEBUG DefaultListableBeanFactory:220 - Creating shared instance of singleton bean 'org.springframework.web.servlet.view.InternalResourceViewResolver#0'
2015-10-04 15:27:26 DEBUG DefaultListableBeanFactory:449 - Creating instance of bean 'org.springframework.web.servlet.view.InternalResourceViewResolver#0'
2015-10-04 15:27:26 DEBUG DefaultListableBeanFactory:523 - Eagerly caching bean 'org.springframework.web.servlet.view.InternalResourceViewResolver#0' to allow for resolving potential circular references
2015-10-04 15:27:26 DEBUG DefaultListableBeanFactory:477 - Finished creating instance of bean 'org.springframework.web.servlet.view.InternalResourceViewResolver#0'
2015-10-04 15:27:26 DEBUG DefaultListableBeanFactory:249 - Returning cached instance of singleton bean 'org.springframework.context.annotation.ConfigurationClassPostProcessor.importAwareProcessor'
2015-10-04 15:27:26 DEBUG DefaultListableBeanFactory:249 - Returning cached instance of singleton bean 'org.springframework.context.annotation.ConfigurationClassPostProcessor.enhancedConfigurationProcessor'
2015-10-04 15:27:26 DEBUG XmlWebApplicationContext:700 - Unable to locate LifecycleProcessor with name 'lifecycleProcessor': using default [org.springframework.context.support.DefaultLifecycleProcessor@2acc15f7]
2015-10-04 15:27:26 DEBUG DefaultListableBeanFactory:249 - Returning cached instance of singleton bean 'lifecycleProcessor'
2015-10-04 15:27:26 DEBUG DispatcherServlet:487 - Unable to locate MultipartResolver with name 'multipartResolver': no multipart request handling provided
2015-10-04 15:27:26 DEBUG DefaultListableBeanFactory:449 - Creating instance of bean 'org.springframework.web.servlet.i18n.AcceptHeaderLocaleResolver'
2015-10-04 15:27:26 DEBUG DefaultListableBeanFactory:477 - Finished creating instance of bean 'org.springframework.web.servlet.i18n.AcceptHeaderLocaleResolver'
2015-10-04 15:27:26 DEBUG DispatcherServlet:509 - Unable to locate LocaleResolver with name 'localeResolver': using default [org.springframework.web.servlet.i18n.AcceptHeaderLocaleResolver@31e1783b]
2015-10-04 15:27:26 DEBUG DefaultListableBeanFactory:449 - Creating instance of bean 'org.springframework.web.servlet.theme.FixedThemeResolver'
2015-10-04 15:27:26 DEBUG DefaultListableBeanFactory:477 - Finished creating instance of bean 'org.springframework.web.servlet.theme.FixedThemeResolver'
2015-10-04 15:27:26 DEBUG DispatcherServlet:531 - Unable to locate ThemeResolver with name 'themeResolver': using default [org.springframework.web.servlet.theme.FixedThemeResolver@283e2c54]
2015-10-04 15:27:26 DEBUG DefaultListableBeanFactory:449 - Creating instance of bean 'org.springframework.web.servlet.handler.BeanNameUrlHandlerMapping'
2015-10-04 15:27:26 DEBUG BeanNameUrlHandlerMapping:71 - Looking for URL mappings in application context: WebApplicationContext for namespace 'dispatcher-servlet': startup date [Sun Oct 04 15:27:26 MSK 2015]; parent: Root WebApplicationContext
2015-10-04 15:27:26 DEBUG BeanNameUrlHandlerMapping:86 - Rejected bean name 'testController': no URL paths identified
2015-10-04 15:27:26 DEBUG BeanNameUrlHandlerMapping:86 - Rejected bean name 'org.springframework.context.annotation.internalConfigurationAnnotationProcessor': no URL paths identified
2015-10-04 15:27:26 DEBUG BeanNameUrlHandlerMapping:86 - Rejected bean name 'org.springframework.context.annotation.internalAutowiredAnnotationProcessor': no URL paths identified
2015-10-04 15:27:26 DEBUG BeanNameUrlHandlerMapping:86 - Rejected bean name 'org.springframework.context.annotation.internalRequiredAnnotationProcessor': no URL paths identified
2015-10-04 15:27:26 DEBUG BeanNameUrlHandlerMapping:86 - Rejected bean name 'org.springframework.context.annotation.internalCommonAnnotationProcessor': no URL paths identified
2015-10-04 15:27:26 DEBUG BeanNameUrlHandlerMapping:86 - Rejected bean name 'org.springframework.web.servlet.view.InternalResourceViewResolver#0': no URL paths identified
2015-10-04 15:27:26 DEBUG BeanNameUrlHandlerMapping:86 - Rejected bean name 'org.springframework.context.annotation.ConfigurationClassPostProcessor.importAwareProcessor': no URL paths identified
2015-10-04 15:27:26 DEBUG BeanNameUrlHandlerMapping:86 - Rejected bean name 'org.springframework.context.annotation.ConfigurationClassPostProcessor.enhancedConfigurationProcessor': no URL paths identified
2015-10-04 15:27:26 DEBUG BeanNameUrlHandlerMapping:86 - Rejected bean name 'environment': no URL paths identified
2015-10-04 15:27:26 DEBUG BeanNameUrlHandlerMapping:86 - Rejected bean name 'systemProperties': no URL paths identified
2015-10-04 15:27:26 DEBUG BeanNameUrlHandlerMapping:86 - Rejected bean name 'systemEnvironment': no URL paths identified
2015-10-04 15:27:26 DEBUG BeanNameUrlHandlerMapping:86 - Rejected bean name 'servletConfig': no URL paths identified
2015-10-04 15:27:26 DEBUG BeanNameUrlHandlerMapping:86 - Rejected bean name 'org.springframework.context.annotation.ConfigurationClassPostProcessor.importRegistry': no URL paths identified
2015-10-04 15:27:26 DEBUG BeanNameUrlHandlerMapping:86 - Rejected bean name 'messageSource': no URL paths identified
2015-10-04 15:27:26 DEBUG BeanNameUrlHandlerMapping:86 - Rejected bean name 'applicationEventMulticaster': no URL paths identified
2015-10-04 15:27:26 DEBUG BeanNameUrlHandlerMapping:86 - Rejected bean name 'lifecycleProcessor': no URL paths identified
2015-10-04 15:27:26 DEBUG DefaultListableBeanFactory:477 - Finished creating instance of bean 'org.springframework.web.servlet.handler.BeanNameUrlHandlerMapping'
2015-10-04 15:27:26 DEBUG DefaultListableBeanFactory:449 - Creating instance of bean 'org.springframework.web.servlet.mvc.annotation.DefaultAnnotationHandlerMapping'
2015-10-04 15:27:26 DEBUG DefaultAnnotationHandlerMapping:71 - Looking for URL mappings in application context: WebApplicationContext for namespace 'dispatcher-servlet': startup date [Sun Oct 04 15:27:26 MSK 2015]; parent: Root WebApplicationContext
2015-10-04 15:27:26 DEBUG DefaultListableBeanFactory:249 - Returning cached instance of singleton bean 'testController'
2015-10-04 15:27:26 INFO  DefaultAnnotationHandlerMapping:315 - Mapped URL path [/hello] onto handler 'testController'
2015-10-04 15:27:26 DEBUG DefaultListableBeanFactory:249 - Returning cached instance of singleton bean 'testController'
2015-10-04 15:27:26 INFO  DefaultAnnotationHandlerMapping:315 - Mapped URL path [/hello.*] onto handler 'testController'
2015-10-04 15:27:26 DEBUG DefaultListableBeanFactory:249 - Returning cached instance of singleton bean 'testController'
2015-10-04 15:27:26 INFO  DefaultAnnotationHandlerMapping:315 - Mapped URL path [/hello/] onto handler 'testController'
2015-10-04 15:27:26 DEBUG DefaultAnnotationHandlerMapping:86 - Rejected bean name 'org.springframework.context.annotation.internalConfigurationAnnotationProcessor': no URL paths identified
2015-10-04 15:27:26 DEBUG DefaultAnnotationHandlerMapping:86 - Rejected bean name 'org.springframework.context.annotation.internalAutowiredAnnotationProcessor': no URL paths identified
2015-10-04 15:27:26 DEBUG DefaultAnnotationHandlerMapping:86 - Rejected bean name 'org.springframework.context.annotation.internalRequiredAnnotationProcessor': no URL paths identified
2015-10-04 15:27:26 DEBUG DefaultAnnotationHandlerMapping:86 - Rejected bean name 'org.springframework.context.annotation.internalCommonAnnotationProcessor': no URL paths identified
2015-10-04 15:27:26 DEBUG DefaultAnnotationHandlerMapping:86 - Rejected bean name 'org.springframework.web.servlet.view.InternalResourceViewResolver#0': no URL paths identified
2015-10-04 15:27:26 DEBUG DefaultAnnotationHandlerMapping:86 - Rejected bean name 'org.springframework.context.annotation.ConfigurationClassPostProcessor.importAwareProcessor': no URL paths identified
2015-10-04 15:27:26 DEBUG DefaultAnnotationHandlerMapping:86 - Rejected bean name 'org.springframework.context.annotation.ConfigurationClassPostProcessor.enhancedConfigurationProcessor': no URL paths identified
2015-10-04 15:27:26 DEBUG DefaultAnnotationHandlerMapping:86 - Rejected bean name 'environment': no URL paths identified
2015-10-04 15:27:26 DEBUG DefaultAnnotationHandlerMapping:86 - Rejected bean name 'systemProperties': no URL paths identified
2015-10-04 15:27:26 DEBUG DefaultAnnotationHandlerMapping:86 - Rejected bean name 'systemEnvironment': no URL paths identified
2015-10-04 15:27:26 DEBUG DefaultAnnotationHandlerMapping:86 - Rejected bean name 'servletConfig': no URL paths identified
2015-10-04 15:27:26 DEBUG DefaultAnnotationHandlerMapping:86 - Rejected bean name 'org.springframework.context.annotation.ConfigurationClassPostProcessor.importRegistry': no URL paths identified
2015-10-04 15:27:26 DEBUG DefaultAnnotationHandlerMapping:86 - Rejected bean name 'messageSource': no URL paths identified
2015-10-04 15:27:26 DEBUG DefaultAnnotationHandlerMapping:86 - Rejected bean name 'applicationEventMulticaster': no URL paths identified
2015-10-04 15:27:26 DEBUG DefaultAnnotationHandlerMapping:86 - Rejected bean name 'lifecycleProcessor': no URL paths identified
2015-10-04 15:27:26 DEBUG DefaultListableBeanFactory:477 - Finished creating instance of bean 'org.springframework.web.servlet.mvc.annotation.DefaultAnnotationHandlerMapping'
2015-10-04 15:27:26 DEBUG DispatcherServlet:571 - No HandlerMappings found in servlet 'dispatcher': using default
2015-10-04 15:27:26 DEBUG DefaultListableBeanFactory:449 - Creating instance of bean 'org.springframework.web.servlet.mvc.HttpRequestHandlerAdapter'
2015-10-04 15:27:26 DEBUG DefaultListableBeanFactory:477 - Finished creating instance of bean 'org.springframework.web.servlet.mvc.HttpRequestHandlerAdapter'
2015-10-04 15:27:26 DEBUG DefaultListableBeanFactory:449 - Creating instance of bean 'org.springframework.web.servlet.mvc.SimpleControllerHandlerAdapter'
2015-10-04 15:27:26 DEBUG DefaultListableBeanFactory:477 - Finished creating instance of bean 'org.springframework.web.servlet.mvc.SimpleControllerHandlerAdapter'
2015-10-04 15:27:26 DEBUG DefaultListableBeanFactory:449 - Creating instance of bean 'org.springframework.web.servlet.mvc.annotation.AnnotationMethodHandlerAdapter'
2015-10-04 15:27:26 DEBUG DefaultListableBeanFactory:477 - Finished creating instance of bean 'org.springframework.web.servlet.mvc.annotation.AnnotationMethodHandlerAdapter'
2015-10-04 15:27:26 DEBUG DispatcherServlet:609 - No HandlerAdapters found in servlet 'dispatcher': using default
2015-10-04 15:27:26 DEBUG DefaultListableBeanFactory:449 - Creating instance of bean 'org.springframework.web.servlet.mvc.annotation.AnnotationMethodHandlerExceptionResolver'
2015-10-04 15:27:26 DEBUG DefaultListableBeanFactory:477 - Finished creating instance of bean 'org.springframework.web.servlet.mvc.annotation.AnnotationMethodHandlerExceptionResolver'
2015-10-04 15:27:26 DEBUG DefaultListableBeanFactory:449 - Creating instance of bean 'org.springframework.web.servlet.mvc.annotation.ResponseStatusExceptionResolver'
2015-10-04 15:27:26 DEBUG DefaultListableBeanFactory:477 - Finished creating instance of bean 'org.springframework.web.servlet.mvc.annotation.ResponseStatusExceptionResolver'
2015-10-04 15:27:26 DEBUG DefaultListableBeanFactory:449 - Creating instance of bean 'org.springframework.web.servlet.mvc.support.DefaultHandlerExceptionResolver'
2015-10-04 15:27:26 DEBUG DefaultListableBeanFactory:477 - Finished creating instance of bean 'org.springframework.web.servlet.mvc.support.DefaultHandlerExceptionResolver'
2015-10-04 15:27:26 DEBUG DispatcherServlet:648 - No HandlerExceptionResolvers found in servlet 'dispatcher': using default
2015-10-04 15:27:26 DEBUG DefaultListableBeanFactory:449 - Creating instance of bean 'org.springframework.web.servlet.view.DefaultRequestToViewNameTranslator'
2015-10-04 15:27:26 DEBUG DefaultListableBeanFactory:477 - Finished creating instance of bean 'org.springframework.web.servlet.view.DefaultRequestToViewNameTranslator'
2015-10-04 15:27:26 DEBUG DispatcherServlet:669 - Unable to locate RequestToViewNameTranslator with name 'viewNameTranslator': using default [org.springframework.web.servlet.view.DefaultRequestToViewNameTranslator@15ee4cb6]
2015-10-04 15:27:26 DEBUG DefaultListableBeanFactory:249 - Returning cached instance of singleton bean 'org.springframework.web.servlet.view.InternalResourceViewResolver#0'
2015-10-04 15:27:26 DEBUG DefaultListableBeanFactory:249 - Returning cached instance of singleton bean 'org.springframework.web.servlet.view.InternalResourceViewResolver#0'
2015-10-04 15:27:26 DEBUG DefaultListableBeanFactory:449 - Creating instance of bean 'org.springframework.web.servlet.support.SessionFlashMapManager'
2015-10-04 15:27:26 DEBUG DefaultListableBeanFactory:477 - Finished creating instance of bean 'org.springframework.web.servlet.support.SessionFlashMapManager'
2015-10-04 15:27:26 DEBUG DispatcherServlet:731 - Unable to locate FlashMapManager with name 'flashMapManager': using default [org.springframework.web.servlet.support.SessionFlashMapManager@47a36ea0]
2015-10-04 15:27:26 DEBUG PropertySourcesPropertyResolver:81 - Searching for key 'spring.liveBeansView.mbeanDomain' in [servletConfigInitParams]
2015-10-04 15:27:26 DEBUG PropertySourcesPropertyResolver:81 - Searching for key 'spring.liveBeansView.mbeanDomain' in [servletContextInitParams]
2015-10-04 15:27:26 DEBUG PropertySourcesPropertyResolver:81 - Searching for key 'spring.liveBeansView.mbeanDomain' in [jndiProperties]
2015-10-04 15:27:26 DEBUG JndiTemplate:150 - Looking up JNDI object with name [java:comp/env/spring.liveBeansView.mbeanDomain]
2015-10-04 15:27:26 DEBUG JndiLocatorDelegate:101 - Converted JNDI name [java:comp/env/spring.liveBeansView.mbeanDomain] not found - trying original name [spring.liveBeansView.mbeanDomain]. javax.naming.NameNotFoundException; remaining name 'spring.liveBeansView.mbeanDomain'
2015-10-04 15:27:26 DEBUG JndiTemplate:150 - Looking up JNDI object with name [spring.liveBeansView.mbeanDomain]
2015-10-04 15:27:26 DEBUG JndiPropertySource:87 - JNDI lookup for name [spring.liveBeansView.mbeanDomain] threw NamingException with message: null. Returning null.
2015-10-04 15:27:26 DEBUG PropertySourcesPropertyResolver:81 - Searching for key 'spring.liveBeansView.mbeanDomain' in [systemProperties]
2015-10-04 15:27:26 DEBUG PropertySourcesPropertyResolver:81 - Searching for key 'spring.liveBeansView.mbeanDomain' in [systemEnvironment]
2015-10-04 15:27:26 DEBUG PropertySourcesPropertyResolver:103 - Could not find key 'spring.liveBeansView.mbeanDomain' in any property source. Returning [null]
2015-10-04 15:27:26 DEBUG DispatcherServlet:558 - Published WebApplicationContext of servlet 'dispatcher' as ServletContext attribute with name [org.springframework.web.servlet.FrameworkServlet.CONTEXT.dispatcher]
2015-10-04 15:27:26 INFO  DispatcherServlet:498 - FrameworkServlet 'dispatcher': initialization completed in 381 ms
2015-10-04 15:27:26 DEBUG DispatcherServlet:139 - Servlet 'dispatcher' configured successfully
2015-10-04 15:27:41 DEBUG DispatcherServlet:843 - DispatcherServlet with name 'dispatcher' processing GET request for [/]
2015-10-04 15:27:41 WARN  PageNotFound:1118 - No mapping found for HTTP request with URI [/] in DispatcherServlet with name 'dispatcher'
2015-10-04 15:27:41 DEBUG DispatcherServlet:991 - Successfully completed request
2015-10-04 15:27:43 DEBUG DispatcherServlet:843 - DispatcherServlet with name 'dispatcher' processing GET request for [/hello]
2015-10-04 15:27:43 DEBUG DefaultAnnotationHandlerMapping:124 - Mapping [/hello] to HandlerExecutionChain with handler [com.gd.amik.TestController@267fd96e] and 1 interceptor
2015-10-04 15:27:43 DEBUG DispatcherServlet:932 - Last-Modified value for [/hello] is: -1
2015-10-04 15:27:43 DEBUG HandlerMethodInvoker:172 - Invoking request handler method: public org.springframework.web.servlet.ModelAndView com.gd.amik.TestController.showMessage(java.lang.String)
2015-10-04 15:27:43 INFO  TestController:19 - In TestController
2015-10-04 15:27:43 DEBUG DefaultListableBeanFactory:1595 - Invoking afterPropertiesSet() on bean with name 'helloworld'
2015-10-04 15:27:43 DEBUG DispatcherServlet:1222 - Rendering view [org.springframework.web.servlet.view.JstlView: name 'helloworld'; URL [/WEB-INF/views/helloworld.jsp]] in DispatcherServlet with name 'dispatcher'
2015-10-04 15:27:43 DEBUG JstlView:376 - Added model object 'message' of type [java.lang.String] to request in view with name 'helloworld'
2015-10-04 15:27:43 DEBUG JstlView:376 - Added model object 'name' of type [java.lang.String] to request in view with name 'helloworld'
2015-10-04 15:27:43 DEBUG JstlView:207 - Forwarding to resource [/WEB-INF/views/helloworld.jsp] in InternalResourceView 'helloworld'
2015-10-04 15:27:44 DEBUG DispatcherServlet:991 - Successfully completed request
2015-10-04 15:28:00 DEBUG DispatcherServlet:843 - DispatcherServlet with name 'dispatcher' processing GET request for [/hello]
2015-10-04 15:28:00 DEBUG DefaultAnnotationHandlerMapping:124 - Mapping [/hello] to HandlerExecutionChain with handler [com.gd.amik.TestController@267fd96e] and 1 interceptor
2015-10-04 15:28:00 DEBUG DispatcherServlet:932 - Last-Modified value for [/hello] is: -1
2015-10-04 15:28:00 DEBUG HandlerMethodInvoker:172 - Invoking request handler method: public org.springframework.web.servlet.ModelAndView com.gd.amik.TestController.showMessage(java.lang.String)
2015-10-04 15:28:00 INFO  TestController:19 - In TestController
2015-10-04 15:28:00 DEBUG DispatcherServlet:1222 - Rendering view [org.springframework.web.servlet.view.JstlView: name 'helloworld'; URL [/WEB-INF/views/helloworld.jsp]] in DispatcherServlet with name 'dispatcher'
2015-10-04 15:28:00 DEBUG JstlView:376 - Added model object 'message' of type [java.lang.String] to request in view with name 'helloworld'
2015-10-04 15:28:00 DEBUG JstlView:376 - Added model object 'name' of type [java.lang.String] to request in view with name 'helloworld'
2015-10-04 15:28:00 DEBUG JstlView:207 - Forwarding to resource [/WEB-INF/views/helloworld.jsp] in InternalResourceView 'helloworld'
2015-10-04 15:28:00 DEBUG DispatcherServlet:991 - Successfully completed request
2015-10-04 15:28:01 DEBUG DispatcherServlet:843 - DispatcherServlet with name 'dispatcher' processing GET request for [/hello]
2015-10-04 15:28:01 DEBUG DefaultAnnotationHandlerMapping:124 - Mapping [/hello] to HandlerExecutionChain with handler [com.gd.amik.TestController@267fd96e] and 1 interceptor
2015-10-04 15:28:01 DEBUG DispatcherServlet:932 - Last-Modified value for [/hello] is: -1
2015-10-04 15:28:01 DEBUG HandlerMethodInvoker:172 - Invoking request handler method: public org.springframework.web.servlet.ModelAndView com.gd.amik.TestController.showMessage(java.lang.String)
2015-10-04 15:28:01 INFO  TestController:19 - In TestController
2015-10-04 15:28:01 DEBUG DispatcherServlet:1222 - Rendering view [org.springframework.web.servlet.view.JstlView: name 'helloworld'; URL [/WEB-INF/views/helloworld.jsp]] in DispatcherServlet with name 'dispatcher'
2015-10-04 15:28:01 DEBUG JstlView:376 - Added model object 'message' of type [java.lang.String] to request in view with name 'helloworld'
2015-10-04 15:28:01 DEBUG JstlView:376 - Added model object 'name' of type [java.lang.String] to request in view with name 'helloworld'
2015-10-04 15:28:01 DEBUG JstlView:207 - Forwarding to resource [/WEB-INF/views/helloworld.jsp] in InternalResourceView 'helloworld'
2015-10-04 15:28:01 DEBUG DispatcherServlet:991 - Successfully completed request
2015-10-04 15:28:01 DEBUG DispatcherServlet:843 - DispatcherServlet with name 'dispatcher' processing GET request for [/hello]
2015-10-04 15:28:01 DEBUG DefaultAnnotationHandlerMapping:124 - Mapping [/hello] to HandlerExecutionChain with handler [com.gd.amik.TestController@267fd96e] and 1 interceptor
2015-10-04 15:28:01 DEBUG DispatcherServlet:932 - Last-Modified value for [/hello] is: -1
2015-10-04 15:28:01 DEBUG HandlerMethodInvoker:172 - Invoking request handler method: public org.springframework.web.servlet.ModelAndView com.gd.amik.TestController.showMessage(java.lang.String)
2015-10-04 15:28:01 INFO  TestController:19 - In TestController
2015-10-04 15:28:01 DEBUG DispatcherServlet:1222 - Rendering view [org.springframework.web.servlet.view.JstlView: name 'helloworld'; URL [/WEB-INF/views/helloworld.jsp]] in DispatcherServlet with name 'dispatcher'
2015-10-04 15:28:01 DEBUG JstlView:376 - Added model object 'message' of type [java.lang.String] to request in view with name 'helloworld'
2015-10-04 15:28:01 DEBUG JstlView:376 - Added model object 'name' of type [java.lang.String] to request in view with name 'helloworld'
2015-10-04 15:28:01 DEBUG JstlView:207 - Forwarding to resource [/WEB-INF/views/helloworld.jsp] in InternalResourceView 'helloworld'
2015-10-04 15:28:01 DEBUG DispatcherServlet:991 - Successfully completed request
2015-10-04 15:30:36 INFO  ContextLoader:285 - Root WebApplicationContext: initialization started
2015-10-04 15:30:36 INFO  XmlWebApplicationContext:513 - Refreshing Root WebApplicationContext: startup date [Sun Oct 04 15:30:36 MSK 2015]; root of context hierarchy
2015-10-04 15:30:36 INFO  XmlBeanDefinitionReader:316 - Loading XML bean definitions from ServletContext resource [/WEB-INF/dispatcher-servlet.xml]
2015-10-04 15:30:36 INFO  ContextLoader:325 - Root WebApplicationContext: initialization completed in 245 ms
2015-10-04 15:30:36 INFO  DispatcherServlet:479 - FrameworkServlet 'dispatcher': initialization started
2015-10-04 15:30:36 INFO  XmlWebApplicationContext:513 - Refreshing WebApplicationContext for namespace 'dispatcher-servlet': startup date [Sun Oct 04 15:30:36 MSK 2015]; parent: Root WebApplicationContext
2015-10-04 15:30:36 INFO  XmlBeanDefinitionReader:316 - Loading XML bean definitions from ServletContext resource [/WEB-INF/dispatcher-servlet.xml]
2015-10-04 15:30:36 INFO  DefaultAnnotationHandlerMapping:315 - Mapped URL path [/hello] onto handler 'testController'
2015-10-04 15:30:36 INFO  DefaultAnnotationHandlerMapping:315 - Mapped URL path [/hello.*] onto handler 'testController'
2015-10-04 15:30:36 INFO  DefaultAnnotationHandlerMapping:315 - Mapped URL path [/hello/] onto handler 'testController'
2015-10-04 15:30:37 INFO  DispatcherServlet:498 - FrameworkServlet 'dispatcher': initialization completed in 240 ms
2015-10-04 15:30:56 WARN  PageNotFound:1118 - No mapping found for HTTP request with URI [/] in DispatcherServlet with name 'dispatcher'
2015-10-04 15:30:59 INFO  TestController:19 - In TestController
2015-10-04 15:31:09 INFO  TestController:19 - In TestController
2015-10-04 15:31:09 INFO  TestController:19 - In TestController
2015-10-04 16:13:42 INFO  ContextLoader:285 - Root WebApplicationContext: initialization started
2015-10-04 16:13:42 INFO  XmlWebApplicationContext:513 - Refreshing Root WebApplicationContext: startup date [Sun Oct 04 16:13:42 MSK 2015]; root of context hierarchy
2015-10-04 16:13:42 INFO  XmlBeanDefinitionReader:316 - Loading XML bean definitions from ServletContext resource [/WEB-INF/dispatcher-servlet.xml]
2015-10-04 16:13:43 INFO  ContextLoader:325 - Root WebApplicationContext: initialization completed in 484 ms
2015-10-04 16:13:43 INFO  DispatcherServlet:479 - FrameworkServlet 'dispatcher': initialization started
2015-10-04 16:13:43 INFO  XmlWebApplicationContext:513 - Refreshing WebApplicationContext for namespace 'dispatcher-servlet': startup date [Sun Oct 04 16:13:43 MSK 2015]; parent: Root WebApplicationContext
2015-10-04 16:13:43 INFO  XmlBeanDefinitionReader:316 - Loading XML bean definitions from ServletContext resource [/WEB-INF/dispatcher-servlet.xml]
2015-10-04 16:13:43 INFO  DefaultAnnotationHandlerMapping:315 - Mapped URL path [/index] onto handler 'indexServlet'
2015-10-04 16:13:43 INFO  DefaultAnnotationHandlerMapping:315 - Mapped URL path [/index.*] onto handler 'indexServlet'
2015-10-04 16:13:43 INFO  DefaultAnnotationHandlerMapping:315 - Mapped URL path [/index/] onto handler 'indexServlet'
2015-10-04 16:13:43 INFO  DefaultAnnotationHandlerMapping:315 - Mapped URL path [/hello] onto handler 'testController'
2015-10-04 16:13:43 INFO  DefaultAnnotationHandlerMapping:315 - Mapped URL path [/hello.*] onto handler 'testController'
2015-10-04 16:13:43 INFO  DefaultAnnotationHandlerMapping:315 - Mapped URL path [/hello/] onto handler 'testController'
2015-10-04 16:13:43 INFO  DispatcherServlet:498 - FrameworkServlet 'dispatcher': initialization completed in 190 ms
2015-10-04 16:13:59 INFO  TestController:19 - In TestController
2015-10-04 16:14:00 INFO  TestController:19 - In TestController
2015-10-04 16:21:34 INFO  ContextLoader:285 - Root WebApplicationContext: initialization started
2015-10-04 16:21:34 INFO  XmlWebApplicationContext:513 - Refreshing Root WebApplicationContext: startup date [Sun Oct 04 16:21:34 MSK 2015]; root of context hierarchy
2015-10-04 16:21:34 INFO  XmlBeanDefinitionReader:316 - Loading XML bean definitions from ServletContext resource [/WEB-INF/dispatcher-servlet.xml]
2015-10-04 16:21:34 INFO  ContextLoader:325 - Root WebApplicationContext: initialization completed in 446 ms
2015-10-04 16:21:34 INFO  DispatcherServlet:479 - FrameworkServlet 'dispatcher': initialization started
2015-10-04 16:21:34 INFO  XmlWebApplicationContext:513 - Refreshing WebApplicationContext for namespace 'dispatcher-servlet': startup date [Sun Oct 04 16:21:34 MSK 2015]; parent: Root WebApplicationContext
2015-10-04 16:21:34 INFO  XmlBeanDefinitionReader:316 - Loading XML bean definitions from ServletContext resource [/WEB-INF/dispatcher-servlet.xml]
2015-10-04 16:21:34 INFO  DefaultAnnotationHandlerMapping:315 - Mapped URL path [/index] onto handler 'indexController'
2015-10-04 16:21:34 INFO  DefaultAnnotationHandlerMapping:315 - Mapped URL path [/index.*] onto handler 'indexController'
2015-10-04 16:21:34 INFO  DefaultAnnotationHandlerMapping:315 - Mapped URL path [/index/] onto handler 'indexController'
2015-10-04 16:21:34 INFO  DefaultAnnotationHandlerMapping:315 - Mapped URL path [/hello] onto handler 'testController'
2015-10-04 16:21:34 INFO  DefaultAnnotationHandlerMapping:315 - Mapped URL path [/hello.*] onto handler 'testController'
2015-10-04 16:21:34 INFO  DefaultAnnotationHandlerMapping:315 - Mapped URL path [/hello/] onto handler 'testController'
2015-10-04 16:21:35 INFO  DispatcherServlet:498 - FrameworkServlet 'dispatcher': initialization completed in 201 ms
2015-10-04 16:25:54 INFO  ContextLoader:285 - Root WebApplicationContext: initialization started
2015-10-04 16:25:54 INFO  XmlWebApplicationContext:513 - Refreshing Root WebApplicationContext: startup date [Sun Oct 04 16:25:54 MSK 2015]; root of context hierarchy
2015-10-04 16:25:54 INFO  XmlBeanDefinitionReader:316 - Loading XML bean definitions from ServletContext resource [/WEB-INF/dispatcher-servlet.xml]
2015-10-04 16:25:54 INFO  ContextLoader:325 - Root WebApplicationContext: initialization completed in 429 ms
2015-10-04 16:25:54 INFO  DispatcherServlet:479 - FrameworkServlet 'dispatcher': initialization started
2015-10-04 16:25:54 INFO  XmlWebApplicationContext:513 - Refreshing WebApplicationContext for namespace 'dispatcher-servlet': startup date [Sun Oct 04 16:25:54 MSK 2015]; parent: Root WebApplicationContext
2015-10-04 16:25:54 INFO  XmlBeanDefinitionReader:316 - Loading XML bean definitions from ServletContext resource [/WEB-INF/dispatcher-servlet.xml]
2015-10-04 16:25:54 INFO  DefaultAnnotationHandlerMapping:315 - Mapped URL path [/index] onto handler 'indexController'
2015-10-04 16:25:54 INFO  DefaultAnnotationHandlerMapping:315 - Mapped URL path [/index.*] onto handler 'indexController'
2015-10-04 16:25:54 INFO  DefaultAnnotationHandlerMapping:315 - Mapped URL path [/index/] onto handler 'indexController'
2015-10-04 16:25:54 INFO  DefaultAnnotationHandlerMapping:315 - Mapped URL path [/hello] onto handler 'testController'
2015-10-04 16:25:54 INFO  DefaultAnnotationHandlerMapping:315 - Mapped URL path [/hello.*] onto handler 'testController'
2015-10-04 16:25:54 INFO  DefaultAnnotationHandlerMapping:315 - Mapped URL path [/hello/] onto handler 'testController'
2015-10-04 16:25:54 INFO  DispatcherServlet:498 - FrameworkServlet 'dispatcher': initialization completed in 197 ms
2015-10-04 17:20:27 INFO  ContextLoader:285 - Root WebApplicationContext: initialization started
2015-10-04 17:20:27 INFO  XmlWebApplicationContext:513 - Refreshing Root WebApplicationContext: startup date [Sun Oct 04 17:20:27 MSK 2015]; root of context hierarchy
2015-10-04 17:20:27 INFO  XmlBeanDefinitionReader:316 - Loading XML bean definitions from ServletContext resource [/WEB-INF/dispatcher-servlet.xml]
2015-10-04 17:20:27 INFO  ContextLoader:325 - Root WebApplicationContext: initialization completed in 446 ms
2015-10-04 17:20:27 INFO  DispatcherServlet:479 - FrameworkServlet 'dispatcher': initialization started
2015-10-04 17:20:27 INFO  XmlWebApplicationContext:513 - Refreshing WebApplicationContext for namespace 'dispatcher-servlet': startup date [Sun Oct 04 17:20:27 MSK 2015]; parent: Root WebApplicationContext
2015-10-04 17:20:27 INFO  XmlBeanDefinitionReader:316 - Loading XML bean definitions from ServletContext resource [/WEB-INF/dispatcher-servlet.xml]
2015-10-04 17:20:28 INFO  DefaultAnnotationHandlerMapping:315 - Mapped URL path [/deleteAll] onto handler 'indexController'
2015-10-04 17:20:28 INFO  DefaultAnnotationHandlerMapping:315 - Mapped URL path [/deleteAll.*] onto handler 'indexController'
2015-10-04 17:20:28 INFO  DefaultAnnotationHandlerMapping:315 - Mapped URL path [/deleteAll/] onto handler 'indexController'
2015-10-04 17:20:28 INFO  DefaultAnnotationHandlerMapping:315 - Mapped URL path [/index] onto handler 'indexController'
2015-10-04 17:20:28 INFO  DefaultAnnotationHandlerMapping:315 - Mapped URL path [/index.*] onto handler 'indexController'
2015-10-04 17:20:28 INFO  DefaultAnnotationHandlerMapping:315 - Mapped URL path [/index/] onto handler 'indexController'
2015-10-04 17:20:28 INFO  DefaultAnnotationHandlerMapping:315 - Mapped URL path [/hello] onto handler 'testController'
2015-10-04 17:20:28 INFO  DefaultAnnotationHandlerMapping:315 - Mapped URL path [/hello.*] onto handler 'testController'
2015-10-04 17:20:28 INFO  DefaultAnnotationHandlerMapping:315 - Mapped URL path [/hello/] onto handler 'testController'
2015-10-04 17:20:28 INFO  DispatcherServlet:498 - FrameworkServlet 'dispatcher': initialization completed in 366 ms
2015-10-04 17:23:19 INFO  TestController:19 - In TestController
2015-10-04 17:28:16 INFO  ContextLoader:285 - Root WebApplicationContext: initialization started
2015-10-04 17:28:17 INFO  XmlWebApplicationContext:513 - Refreshing Root WebApplicationContext: startup date [Sun Oct 04 17:28:17 MSK 2015]; root of context hierarchy
2015-10-04 17:28:17 INFO  XmlBeanDefinitionReader:316 - Loading XML bean definitions from ServletContext resource [/WEB-INF/dispatcher-servlet.xml]
2015-10-04 17:28:17 INFO  ContextLoader:325 - Root WebApplicationContext: initialization completed in 424 ms
2015-10-04 17:28:17 INFO  DispatcherServlet:479 - FrameworkServlet 'dispatcher': initialization started
2015-10-04 17:28:17 INFO  XmlWebApplicationContext:513 - Refreshing WebApplicationContext for namespace 'dispatcher-servlet': startup date [Sun Oct 04 17:28:17 MSK 2015]; parent: Root WebApplicationContext
2015-10-04 17:28:17 INFO  XmlBeanDefinitionReader:316 - Loading XML bean definitions from ServletContext resource [/WEB-INF/dispatcher-servlet.xml]
2015-10-04 17:28:17 INFO  DefaultAnnotationHandlerMapping:315 - Mapped URL path [/deleteAll] onto handler 'indexController'
2015-10-04 17:28:17 INFO  DefaultAnnotationHandlerMapping:315 - Mapped URL path [/deleteAll.*] onto handler 'indexController'
2015-10-04 17:28:17 INFO  DefaultAnnotationHandlerMapping:315 - Mapped URL path [/deleteAll/] onto handler 'indexController'
2015-10-04 17:28:17 INFO  DefaultAnnotationHandlerMapping:315 - Mapped URL path [/index] onto handler 'indexController'
2015-10-04 17:28:17 INFO  DefaultAnnotationHandlerMapping:315 - Mapped URL path [/index.*] onto handler 'indexController'
2015-10-04 17:28:17 INFO  DefaultAnnotationHandlerMapping:315 - Mapped URL path [/index/] onto handler 'indexController'
2015-10-04 17:28:17 INFO  DefaultAnnotationHandlerMapping:315 - Mapped URL path [/hello] onto handler 'testController'
2015-10-04 17:28:17 INFO  DefaultAnnotationHandlerMapping:315 - Mapped URL path [/hello.*] onto handler 'testController'
2015-10-04 17:28:17 INFO  DefaultAnnotationHandlerMapping:315 - Mapped URL path [/hello/] onto handler 'testController'
2015-10-04 17:28:17 INFO  DispatcherServlet:498 - FrameworkServlet 'dispatcher': initialization completed in 199 ms
2015-10-04 17:28:23 INFO  IndexController:50 - Start indexing ...
2015-10-04 17:28:23 INFO  IndexController:119 - Start loading series analizer ...
2015-10-04 17:28:23 ERROR IndexController:58 - Exception while indexing
java.io.FileNotFoundException: src/main/resources/DAT_NT_EURUSD_T_ASK_201508.csv (No such file or directory)
	at java.io.FileInputStream.open(Native Method)
	at java.io.FileInputStream.<init>(FileInputStream.java:146)
	at java.io.FileReader.<init>(FileReader.java:72)
	at com.gd.amik.controllers.series.SeriesLoader.load(SeriesLoader.java:24)
	at com.gd.amik.controllers.IndexController.init(IndexController.java:121)
	at com.gd.amik.controllers.IndexController.doDeleteAll(IndexController.java:52)
	at sun.reflect.NativeMethodAccessorImpl.invoke0(Native Method)
	at sun.reflect.NativeMethodAccessorImpl.invoke(NativeMethodAccessorImpl.java:57)
	at sun.reflect.DelegatingMethodAccessorImpl.invoke(DelegatingMethodAccessorImpl.java:43)
	at java.lang.reflect.Method.invoke(Method.java:606)
	at org.springframework.web.bind.annotation.support.HandlerMethodInvoker.invokeHandlerMethod(HandlerMethodInvoker.java:175)
	at org.springframework.web.servlet.mvc.annotation.AnnotationMethodHandlerAdapter.invokeHandlerMethod(AnnotationMethodHandlerAdapter.java:446)
	at org.springframework.web.servlet.mvc.annotation.AnnotationMethodHandlerAdapter.handle(AnnotationMethodHandlerAdapter.java:434)
	at org.springframework.web.servlet.DispatcherServlet.doDispatch(DispatcherServlet.java:945)
	at org.springframework.web.servlet.DispatcherServlet.doService(DispatcherServlet.java:876)
	at org.springframework.web.servlet.FrameworkServlet.processRequest(FrameworkServlet.java:961)
	at org.springframework.web.servlet.FrameworkServlet.doGet(FrameworkServlet.java:852)
	at javax.servlet.http.HttpServlet.service(HttpServlet.java:687)
	at org.springframework.web.servlet.FrameworkServlet.service(FrameworkServlet.java:837)
	at javax.servlet.http.HttpServlet.service(HttpServlet.java:790)
	at org.eclipse.jetty.servlet.ServletHolder.handle(ServletHolder.java:801)
	at org.eclipse.jetty.servlet.ServletHandler.doHandle(ServletHandler.java:587)
	at org.eclipse.jetty.server.handler.ScopedHandler.handle(ScopedHandler.java:143)
	at org.eclipse.jetty.security.SecurityHandler.handle(SecurityHandler.java:577)
	at org.eclipse.jetty.server.session.SessionHandler.doHandle(SessionHandler.java:223)
	at org.eclipse.jetty.server.handler.ContextHandler.doHandle(ContextHandler.java:1126)
	at org.eclipse.jetty.servlet.ServletHandler.doScope(ServletHandler.java:515)
	at org.eclipse.jetty.server.session.SessionHandler.doScope(SessionHandler.java:185)
	at org.eclipse.jetty.server.handler.ContextHandler.doScope(ContextHandler.java:1060)
	at org.eclipse.jetty.server.handler.ScopedHandler.handle(ScopedHandler.java:141)
	at org.eclipse.jetty.server.handler.ContextHandlerCollection.handle(ContextHandlerCollection.java:215)
	at org.eclipse.jetty.server.handler.HandlerCollection.handle(HandlerCollection.java:110)
	at org.eclipse.jetty.server.handler.HandlerWrapper.handle(HandlerWrapper.java:113)
	at org.eclipse.jetty.server.Server.handle(Server.java:509)
	at org.eclipse.jetty.server.HttpChannel.handle(HttpChannel.java:288)
	at org.eclipse.jetty.server.HttpConnection.onFillable(HttpConnection.java:240)
	at org.eclipse.jetty.io.AbstractConnection$2.run(AbstractConnection.java:539)
	at org.eclipse.jetty.util.thread.QueuedThreadPool.runJob(QueuedThreadPool.java:620)
	at org.eclipse.jetty.util.thread.QueuedThreadPool$3.run(QueuedThreadPool.java:540)
	at java.lang.Thread.run(Thread.java:745)
2015-10-04 17:30:01 INFO  ContextLoader:285 - Root WebApplicationContext: initialization started
2015-10-04 17:30:01 INFO  XmlWebApplicationContext:513 - Refreshing Root WebApplicationContext: startup date [Sun Oct 04 17:30:01 MSK 2015]; root of context hierarchy
2015-10-04 17:30:01 INFO  XmlBeanDefinitionReader:316 - Loading XML bean definitions from ServletContext resource [/WEB-INF/dispatcher-servlet.xml]
2015-10-04 17:30:02 INFO  ContextLoader:325 - Root WebApplicationContext: initialization completed in 829 ms
2015-10-04 17:30:02 INFO  DispatcherServlet:479 - FrameworkServlet 'dispatcher': initialization started
2015-10-04 17:30:02 INFO  XmlWebApplicationContext:513 - Refreshing WebApplicationContext for namespace 'dispatcher-servlet': startup date [Sun Oct 04 17:30:02 MSK 2015]; parent: Root WebApplicationContext
2015-10-04 17:30:02 INFO  XmlBeanDefinitionReader:316 - Loading XML bean definitions from ServletContext resource [/WEB-INF/dispatcher-servlet.xml]
2015-10-04 17:30:02 INFO  DefaultAnnotationHandlerMapping:315 - Mapped URL path [/deleteAll] onto handler 'indexController'
2015-10-04 17:30:02 INFO  DefaultAnnotationHandlerMapping:315 - Mapped URL path [/deleteAll.*] onto handler 'indexController'
2015-10-04 17:30:02 INFO  DefaultAnnotationHandlerMapping:315 - Mapped URL path [/deleteAll/] onto handler 'indexController'
2015-10-04 17:30:02 INFO  DefaultAnnotationHandlerMapping:315 - Mapped URL path [/index] onto handler 'indexController'
2015-10-04 17:30:02 INFO  DefaultAnnotationHandlerMapping:315 - Mapped URL path [/index.*] onto handler 'indexController'
2015-10-04 17:30:02 INFO  DefaultAnnotationHandlerMapping:315 - Mapped URL path [/index/] onto handler 'indexController'
2015-10-04 17:30:02 INFO  DefaultAnnotationHandlerMapping:315 - Mapped URL path [/hello] onto handler 'testController'
2015-10-04 17:30:02 INFO  DefaultAnnotationHandlerMapping:315 - Mapped URL path [/hello.*] onto handler 'testController'
2015-10-04 17:30:02 INFO  DefaultAnnotationHandlerMapping:315 - Mapped URL path [/hello/] onto handler 'testController'
2015-10-04 17:30:02 INFO  DispatcherServlet:498 - FrameworkServlet 'dispatcher': initialization completed in 315 ms
2015-10-04 17:30:30 INFO  IndexController:50 - Start indexing ...
2015-10-04 17:30:30 INFO  IndexController:119 - Start loading series analizer ...
2015-10-04 17:30:33 INFO  IndexController:125 - series analizer was loaded successfully
2015-10-04 17:32:00 INFO  ContextLoader:285 - Root WebApplicationContext: initialization started
2015-10-04 17:32:00 INFO  XmlWebApplicationContext:513 - Refreshing Root WebApplicationContext: startup date [Sun Oct 04 17:32:00 MSK 2015]; root of context hierarchy
2015-10-04 17:32:00 INFO  XmlBeanDefinitionReader:316 - Loading XML bean definitions from ServletContext resource [/WEB-INF/dispatcher-servlet.xml]
2015-10-04 17:32:00 INFO  ContextLoader:325 - Root WebApplicationContext: initialization completed in 418 ms
2015-10-04 17:32:00 INFO  DispatcherServlet:479 - FrameworkServlet 'dispatcher': initialization started
2015-10-04 17:32:00 INFO  XmlWebApplicationContext:513 - Refreshing WebApplicationContext for namespace 'dispatcher-servlet': startup date [Sun Oct 04 17:32:00 MSK 2015]; parent: Root WebApplicationContext
2015-10-04 17:32:00 INFO  XmlBeanDefinitionReader:316 - Loading XML bean definitions from ServletContext resource [/WEB-INF/dispatcher-servlet.xml]
2015-10-04 17:32:00 INFO  DefaultAnnotationHandlerMapping:315 - Mapped URL path [/deleteAll] onto handler 'indexController'
2015-10-04 17:32:00 INFO  DefaultAnnotationHandlerMapping:315 - Mapped URL path [/deleteAll.*] onto handler 'indexController'
2015-10-04 17:32:00 INFO  DefaultAnnotationHandlerMapping:315 - Mapped URL path [/deleteAll/] onto handler 'indexController'
2015-10-04 17:32:00 INFO  DefaultAnnotationHandlerMapping:315 - Mapped URL path [/index] onto handler 'indexController'
2015-10-04 17:32:00 INFO  DefaultAnnotationHandlerMapping:315 - Mapped URL path [/index.*] onto handler 'indexController'
2015-10-04 17:32:00 INFO  DefaultAnnotationHandlerMapping:315 - Mapped URL path [/index/] onto handler 'indexController'
2015-10-04 17:32:00 INFO  DefaultAnnotationHandlerMapping:315 - Mapped URL path [/hello] onto handler 'testController'
2015-10-04 17:32:00 INFO  DefaultAnnotationHandlerMapping:315 - Mapped URL path [/hello.*] onto handler 'testController'
2015-10-04 17:32:00 INFO  DefaultAnnotationHandlerMapping:315 - Mapped URL path [/hello/] onto handler 'testController'
2015-10-04 17:32:01 INFO  DispatcherServlet:498 - FrameworkServlet 'dispatcher': initialization completed in 201 ms
2015-10-04 17:32:11 INFO  IndexController:50 - Start indexing ...
2015-10-04 17:32:11 INFO  IndexController:119 - Start loading series analizer ...
2015-10-04 17:32:14 INFO  IndexController:125 - series analizer was loaded successfully
